Start testing: Oct 11 11:08 UTC
----------------------------------------------------------
1/50 Testing: Pivot.Empty
1/50 Test: Pivot.Empty
Command: "/usr/bin/valgrind" "--tool=memcheck" "--leak-check=yes" "--trace-children=no" "--error-exitcode=113" "/home/codio/workspace/hw3/hw3_tests/build/llrec_tests/llrec_tests" "--gtest_filter=Pivot.Empty"
Directory: /home/codio/workspace/hw3/hw3_tests/build/llrec_tests
"Pivot.Empty" start time: Oct 11 11:08 UTC
Output:
----------------------------------------------------------
==1451== Memcheck, a memory error detector
==1451== Copyright (C) 2002-2017, and GNU GPL'd, by Julian Seward et al.
==1451== Using Valgrind-3.13.0 and LibVEX; rerun with -h for copyright info
==1451== Command: /home/codio/workspace/hw3/hw3_tests/build/llrec_tests/llrec_tests --gtest_filter=Pivot.Empty
==1451== 
Running main() from /home/codio/googletest/googletest/src/gtest_main.cc
Note: Google Test filter = Pivot.Empty
[==========] Running 1 test from 1 test suite.
[----------] Global test environment set-up.
[----------] 1 test from Pivot
[ RUN      ] Pivot.Empty
[       OK ] Pivot.Empty (20 ms)
[----------] 1 test from Pivot (30 ms total)

[----------] Global test environment tear-down
[==========] 1 test from 1 test suite ran. (83 ms total)
[  PASSED  ] 1 test.
==1451== 
==1451== HEAP SUMMARY:
==1451==     in use at exit: 0 bytes in 0 blocks
==1451==   total heap usage: 404 allocs, 404 frees, 133,125 bytes allocated
==1451== 
==1451== All heap blocks were freed -- no leaks are possible
==1451== 
==1451== For counts of detected and suppressed errors, rerun with: -v
==1451== ERROR SUMMARY: 0 errors from 0 contexts (suppressed: 0 from 0)
<end of output>
Test time =   1.57 sec
----------------------------------------------------------
Test Passed.
"Pivot.Empty" end time: Oct 11 11:08 UTC
"Pivot.Empty" time elapsed: 00:00:01
----------------------------------------------------------

2/50 Testing: Pivot.Size1SmallEmpty
2/50 Test: Pivot.Size1SmallEmpty
Command: "/usr/bin/valgrind" "--tool=memcheck" "--leak-check=yes" "--trace-children=no" "--error-exitcode=113" "/home/codio/workspace/hw3/hw3_tests/build/llrec_tests/llrec_tests" "--gtest_filter=Pivot.Size1SmallEmpty"
Directory: /home/codio/workspace/hw3/hw3_tests/build/llrec_tests
"Pivot.Size1SmallEmpty" start time: Oct 11 11:08 UTC
Output:
----------------------------------------------------------
==1452== Memcheck, a memory error detector
==1452== Copyright (C) 2002-2017, and GNU GPL'd, by Julian Seward et al.
==1452== Using Valgrind-3.13.0 and LibVEX; rerun with -h for copyright info
==1452== Command: /home/codio/workspace/hw3/hw3_tests/build/llrec_tests/llrec_tests --gtest_filter=Pivot.Size1SmallEmpty
==1452== 
Running main() from /home/codio/googletest/googletest/src/gtest_main.cc
Note: Google Test filter = Pivot.Size1SmallEmpty
[==========] Running 1 test from 1 test suite.
[----------] Global test environment set-up.
[----------] 1 test from Pivot
[ RUN      ] Pivot.Size1SmallEmpty
[       OK ] Pivot.Size1SmallEmpty (32 ms)
[----------] 1 test from Pivot (42 ms total)

[----------] Global test environment tear-down
[==========] 1 test from 1 test suite ran. (96 ms total)
[  PASSED  ] 1 test.
==1452== 
==1452== HEAP SUMMARY:
==1452==     in use at exit: 0 bytes in 0 blocks
==1452==   total heap usage: 413 allocs, 413 frees, 133,370 bytes allocated
==1452== 
==1452== All heap blocks were freed -- no leaks are possible
==1452== 
==1452== For counts of detected and suppressed errors, rerun with: -v
==1452== ERROR SUMMARY: 0 errors from 0 contexts (suppressed: 0 from 0)
<end of output>
Test time =   1.58 sec
----------------------------------------------------------
Test Passed.
"Pivot.Size1SmallEmpty" end time: Oct 11 11:08 UTC
"Pivot.Size1SmallEmpty" time elapsed: 00:00:01
----------------------------------------------------------

3/50 Testing: Pivot.Size1LargeEmpty
3/50 Test: Pivot.Size1LargeEmpty
Command: "/usr/bin/valgrind" "--tool=memcheck" "--leak-check=yes" "--trace-children=no" "--error-exitcode=113" "/home/codio/workspace/hw3/hw3_tests/build/llrec_tests/llrec_tests" "--gtest_filter=Pivot.Size1LargeEmpty"
Directory: /home/codio/workspace/hw3/hw3_tests/build/llrec_tests
"Pivot.Size1LargeEmpty" start time: Oct 11 11:08 UTC
Output:
----------------------------------------------------------
==1453== Memcheck, a memory error detector
==1453== Copyright (C) 2002-2017, and GNU GPL'd, by Julian Seward et al.
==1453== Using Valgrind-3.13.0 and LibVEX; rerun with -h for copyright info
==1453== Command: /home/codio/workspace/hw3/hw3_tests/build/llrec_tests/llrec_tests --gtest_filter=Pivot.Size1LargeEmpty
==1453== 
Running main() from /home/codio/googletest/googletest/src/gtest_main.cc
Note: Google Test filter = Pivot.Size1LargeEmpty
[==========] Running 1 test from 1 test suite.
[----------] Global test environment set-up.
[----------] 1 test from Pivot
[ RUN      ] Pivot.Size1LargeEmpty
[       OK ] Pivot.Size1LargeEmpty (34 ms)
[----------] 1 test from Pivot (45 ms total)

[----------] Global test environment tear-down
[==========] 1 test from 1 test suite ran. (100 ms total)
[  PASSED  ] 1 test.
==1453== 
==1453== HEAP SUMMARY:
==1453==     in use at exit: 0 bytes in 0 blocks
==1453==   total heap usage: 413 allocs, 413 frees, 133,370 bytes allocated
==1453== 
==1453== All heap blocks were freed -- no leaks are possible
==1453== 
==1453== For counts of detected and suppressed errors, rerun with: -v
==1453== ERROR SUMMARY: 0 errors from 0 contexts (suppressed: 0 from 0)
<end of output>
Test time =   1.62 sec
----------------------------------------------------------
Test Passed.
"Pivot.Size1LargeEmpty" end time: Oct 11 11:08 UTC
"Pivot.Size1LargeEmpty" time elapsed: 00:00:01
----------------------------------------------------------

4/50 Testing: Pivot.Size2SmallLarge
4/50 Test: Pivot.Size2SmallLarge
Command: "/usr/bin/valgrind" "--tool=memcheck" "--leak-check=yes" "--trace-children=no" "--error-exitcode=113" "/home/codio/workspace/hw3/hw3_tests/build/llrec_tests/llrec_tests" "--gtest_filter=Pivot.Size2SmallLarge"
Directory: /home/codio/workspace/hw3/hw3_tests/build/llrec_tests
"Pivot.Size2SmallLarge" start time: Oct 11 11:08 UTC
Output:
----------------------------------------------------------
==1454== Memcheck, a memory error detector
==1454== Copyright (C) 2002-2017, and GNU GPL'd, by Julian Seward et al.
==1454== Using Valgrind-3.13.0 and LibVEX; rerun with -h for copyright info
==1454== Command: /home/codio/workspace/hw3/hw3_tests/build/llrec_tests/llrec_tests --gtest_filter=Pivot.Size2SmallLarge
==1454== 
Running main() from /home/codio/googletest/googletest/src/gtest_main.cc
Note: Google Test filter = Pivot.Size2SmallLarge
[==========] Running 1 test from 1 test suite.
[----------] Global test environment set-up.
[----------] 1 test from Pivot
[ RUN      ] Pivot.Size2SmallLarge
[       OK ] Pivot.Size2SmallLarge (33 ms)
[----------] 1 test from Pivot (43 ms total)

[----------] Global test environment tear-down
[==========] 1 test from 1 test suite ran. (97 ms total)
[  PASSED  ] 1 test.
==1454== 
==1454== HEAP SUMMARY:
==1454==     in use at exit: 0 bytes in 0 blocks
==1454==   total heap usage: 415 allocs, 415 frees, 133,394 bytes allocated
==1454== 
==1454== All heap blocks were freed -- no leaks are possible
==1454== 
==1454== For counts of detected and suppressed errors, rerun with: -v
==1454== ERROR SUMMARY: 0 errors from 0 contexts (suppressed: 0 from 0)
<end of output>
Test time =   1.67 sec
----------------------------------------------------------
Test Passed.
"Pivot.Size2SmallLarge" end time: Oct 11 11:08 UTC
"Pivot.Size2SmallLarge" time elapsed: 00:00:01
----------------------------------------------------------

5/50 Testing: Pivot.Size2LargeSmall
5/50 Test: Pivot.Size2LargeSmall
Command: "/usr/bin/valgrind" "--tool=memcheck" "--leak-check=yes" "--trace-children=no" "--error-exitcode=113" "/home/codio/workspace/hw3/hw3_tests/build/llrec_tests/llrec_tests" "--gtest_filter=Pivot.Size2LargeSmall"
Directory: /home/codio/workspace/hw3/hw3_tests/build/llrec_tests
"Pivot.Size2LargeSmall" start time: Oct 11 11:08 UTC
Output:
----------------------------------------------------------
==1455== Memcheck, a memory error detector
==1455== Copyright (C) 2002-2017, and GNU GPL'd, by Julian Seward et al.
==1455== Using Valgrind-3.13.0 and LibVEX; rerun with -h for copyright info
==1455== Command: /home/codio/workspace/hw3/hw3_tests/build/llrec_tests/llrec_tests --gtest_filter=Pivot.Size2LargeSmall
==1455== 
Running main() from /home/codio/googletest/googletest/src/gtest_main.cc
Note: Google Test filter = Pivot.Size2LargeSmall
[==========] Running 1 test from 1 test suite.
[----------] Global test environment set-up.
[----------] 1 test from Pivot
[ RUN      ] Pivot.Size2LargeSmall
[       OK ] Pivot.Size2LargeSmall (33 ms)
[----------] 1 test from Pivot (43 ms total)

[----------] Global test environment tear-down
[==========] 1 test from 1 test suite ran. (96 ms total)
[  PASSED  ] 1 test.
==1455== 
==1455== HEAP SUMMARY:
==1455==     in use at exit: 0 bytes in 0 blocks
==1455==   total heap usage: 415 allocs, 415 frees, 133,394 bytes allocated
==1455== 
==1455== All heap blocks were freed -- no leaks are possible
==1455== 
==1455== For counts of detected and suppressed errors, rerun with: -v
==1455== ERROR SUMMARY: 0 errors from 0 contexts (suppressed: 0 from 0)
<end of output>
Test time =   1.57 sec
----------------------------------------------------------
Test Passed.
"Pivot.Size2LargeSmall" end time: Oct 11 11:08 UTC
"Pivot.Size2LargeSmall" time elapsed: 00:00:01
----------------------------------------------------------

6/50 Testing: Pivot.Size3LargeSmallLarge
6/50 Test: Pivot.Size3LargeSmallLarge
Command: "/usr/bin/valgrind" "--tool=memcheck" "--leak-check=yes" "--trace-children=no" "--error-exitcode=113" "/home/codio/workspace/hw3/hw3_tests/build/llrec_tests/llrec_tests" "--gtest_filter=Pivot.Size3LargeSmallLarge"
Directory: /home/codio/workspace/hw3/hw3_tests/build/llrec_tests
"Pivot.Size3LargeSmallLarge" start time: Oct 11 11:08 UTC
Output:
----------------------------------------------------------
==1456== Memcheck, a memory error detector
==1456== Copyright (C) 2002-2017, and GNU GPL'd, by Julian Seward et al.
==1456== Using Valgrind-3.13.0 and LibVEX; rerun with -h for copyright info
==1456== Command: /home/codio/workspace/hw3/hw3_tests/build/llrec_tests/llrec_tests --gtest_filter=Pivot.Size3LargeSmallLarge
==1456== 
Running main() from /home/codio/googletest/googletest/src/gtest_main.cc
Note: Google Test filter = Pivot.Size3LargeSmallLarge
[==========] Running 1 test from 1 test suite.
[----------] Global test environment set-up.
[----------] 1 test from Pivot
[ RUN      ] Pivot.Size3LargeSmallLarge
[       OK ] Pivot.Size3LargeSmallLarge (33 ms)
[----------] 1 test from Pivot (43 ms total)

[----------] Global test environment tear-down
[==========] 1 test from 1 test suite ran. (97 ms total)
[  PASSED  ] 1 test.
==1456== 
==1456== HEAP SUMMARY:
==1456==     in use at exit: 0 bytes in 0 blocks
==1456==   total heap usage: 416 allocs, 416 frees, 133,468 bytes allocated
==1456== 
==1456== All heap blocks were freed -- no leaks are possible
==1456== 
==1456== For counts of detected and suppressed errors, rerun with: -v
==1456== ERROR SUMMARY: 0 errors from 0 contexts (suppressed: 0 from 0)
<end of output>
Test time =   1.57 sec
----------------------------------------------------------
Test Passed.
"Pivot.Size3LargeSmallLarge" end time: Oct 11 11:08 UTC
"Pivot.Size3LargeSmallLarge" time elapsed: 00:00:01
----------------------------------------------------------

7/50 Testing: Pivot.Size3SmallLargeSmall
7/50 Test: Pivot.Size3SmallLargeSmall
Command: "/usr/bin/valgrind" "--tool=memcheck" "--leak-check=yes" "--trace-children=no" "--error-exitcode=113" "/home/codio/workspace/hw3/hw3_tests/build/llrec_tests/llrec_tests" "--gtest_filter=Pivot.Size3SmallLargeSmall"
Directory: /home/codio/workspace/hw3/hw3_tests/build/llrec_tests
"Pivot.Size3SmallLargeSmall" start time: Oct 11 11:08 UTC
Output:
----------------------------------------------------------
==1457== Memcheck, a memory error detector
==1457== Copyright (C) 2002-2017, and GNU GPL'd, by Julian Seward et al.
==1457== Using Valgrind-3.13.0 and LibVEX; rerun with -h for copyright info
==1457== Command: /home/codio/workspace/hw3/hw3_tests/build/llrec_tests/llrec_tests --gtest_filter=Pivot.Size3SmallLargeSmall
==1457== 
Running main() from /home/codio/googletest/googletest/src/gtest_main.cc
Note: Google Test filter = Pivot.Size3SmallLargeSmall
[==========] Running 1 test from 1 test suite.
[----------] Global test environment set-up.
[----------] 1 test from Pivot
[ RUN      ] Pivot.Size3SmallLargeSmall
[       OK ] Pivot.Size3SmallLargeSmall (34 ms)
[----------] 1 test from Pivot (43 ms total)

[----------] Global test environment tear-down
[==========] 1 test from 1 test suite ran. (97 ms total)
[  PASSED  ] 1 test.
==1457== 
==1457== HEAP SUMMARY:
==1457==     in use at exit: 0 bytes in 0 blocks
==1457==   total heap usage: 416 allocs, 416 frees, 133,468 bytes allocated
==1457== 
==1457== All heap blocks were freed -- no leaks are possible
==1457== 
==1457== For counts of detected and suppressed errors, rerun with: -v
==1457== ERROR SUMMARY: 0 errors from 0 contexts (suppressed: 0 from 0)
<end of output>
Test time =   1.57 sec
----------------------------------------------------------
Test Passed.
"Pivot.Size3SmallLargeSmall" end time: Oct 11 11:08 UTC
"Pivot.Size3SmallLargeSmall" time elapsed: 00:00:01
----------------------------------------------------------

8/50 Testing: Pivot.Size3LargeLargeSmall
8/50 Test: Pivot.Size3LargeLargeSmall
Command: "/usr/bin/valgrind" "--tool=memcheck" "--leak-check=yes" "--trace-children=no" "--error-exitcode=113" "/home/codio/workspace/hw3/hw3_tests/build/llrec_tests/llrec_tests" "--gtest_filter=Pivot.Size3LargeLargeSmall"
Directory: /home/codio/workspace/hw3/hw3_tests/build/llrec_tests
"Pivot.Size3LargeLargeSmall" start time: Oct 11 11:08 UTC
Output:
----------------------------------------------------------
==1458== Memcheck, a memory error detector
==1458== Copyright (C) 2002-2017, and GNU GPL'd, by Julian Seward et al.
==1458== Using Valgrind-3.13.0 and LibVEX; rerun with -h for copyright info
==1458== Command: /home/codio/workspace/hw3/hw3_tests/build/llrec_tests/llrec_tests --gtest_filter=Pivot.Size3LargeLargeSmall
==1458== 
Running main() from /home/codio/googletest/googletest/src/gtest_main.cc
Note: Google Test filter = Pivot.Size3LargeLargeSmall
[==========] Running 1 test from 1 test suite.
[----------] Global test environment set-up.
[----------] 1 test from Pivot
[ RUN      ] Pivot.Size3LargeLargeSmall
[       OK ] Pivot.Size3LargeLargeSmall (33 ms)
[----------] 1 test from Pivot (43 ms total)

[----------] Global test environment tear-down
[==========] 1 test from 1 test suite ran. (97 ms total)
[  PASSED  ] 1 test.
==1458== 
==1458== HEAP SUMMARY:
==1458==     in use at exit: 0 bytes in 0 blocks
==1458==   total heap usage: 416 allocs, 416 frees, 133,468 bytes allocated
==1458== 
==1458== All heap blocks were freed -- no leaks are possible
==1458== 
==1458== For counts of detected and suppressed errors, rerun with: -v
==1458== ERROR SUMMARY: 0 errors from 0 contexts (suppressed: 0 from 0)
<end of output>
Test time =   1.57 sec
----------------------------------------------------------
Test Passed.
"Pivot.Size3LargeLargeSmall" end time: Oct 11 11:08 UTC
"Pivot.Size3LargeLargeSmall" time elapsed: 00:00:01
----------------------------------------------------------

9/50 Testing: Pivot.Size6SmallThenLarge
9/50 Test: Pivot.Size6SmallThenLarge
Command: "/usr/bin/valgrind" "--tool=memcheck" "--leak-check=yes" "--trace-children=no" "--error-exitcode=113" "/home/codio/workspace/hw3/hw3_tests/build/llrec_tests/llrec_tests" "--gtest_filter=Pivot.Size6SmallThenLarge"
Directory: /home/codio/workspace/hw3/hw3_tests/build/llrec_tests
"Pivot.Size6SmallThenLarge" start time: Oct 11 11:08 UTC
Output:
----------------------------------------------------------
==1459== Memcheck, a memory error detector
==1459== Copyright (C) 2002-2017, and GNU GPL'd, by Julian Seward et al.
==1459== Using Valgrind-3.13.0 and LibVEX; rerun with -h for copyright info
==1459== Command: /home/codio/workspace/hw3/hw3_tests/build/llrec_tests/llrec_tests --gtest_filter=Pivot.Size6SmallThenLarge
==1459== 
Running main() from /home/codio/googletest/googletest/src/gtest_main.cc
Note: Google Test filter = Pivot.Size6SmallThenLarge
[==========] Running 1 test from 1 test suite.
[----------] Global test environment set-up.
[----------] 1 test from Pivot
[ RUN      ] Pivot.Size6SmallThenLarge
[       OK ] Pivot.Size6SmallThenLarge (34 ms)
[----------] 1 test from Pivot (44 ms total)

[----------] Global test environment tear-down
[==========] 1 test from 1 test suite ran. (98 ms total)
[  PASSED  ] 1 test.
==1459== 
==1459== HEAP SUMMARY:
==1459==     in use at exit: 0 bytes in 0 blocks
==1459==   total heap usage: 419 allocs, 419 frees, 133,530 bytes allocated
==1459== 
==1459== All heap blocks were freed -- no leaks are possible
==1459== 
==1459== For counts of detected and suppressed errors, rerun with: -v
==1459== ERROR SUMMARY: 0 errors from 0 contexts (suppressed: 0 from 0)
<end of output>
Test time =   1.57 sec
----------------------------------------------------------
Test Passed.
"Pivot.Size6SmallThenLarge" end time: Oct 11 11:08 UTC
"Pivot.Size6SmallThenLarge" time elapsed: 00:00:01
----------------------------------------------------------

10/50 Testing: Pivot.Size6LargeThenSmall
10/50 Test: Pivot.Size6LargeThenSmall
Command: "/usr/bin/valgrind" "--tool=memcheck" "--leak-check=yes" "--trace-children=no" "--error-exitcode=113" "/home/codio/workspace/hw3/hw3_tests/build/llrec_tests/llrec_tests" "--gtest_filter=Pivot.Size6LargeThenSmall"
Directory: /home/codio/workspace/hw3/hw3_tests/build/llrec_tests
"Pivot.Size6LargeThenSmall" start time: Oct 11 11:08 UTC
Output:
----------------------------------------------------------
==1460== Memcheck, a memory error detector
==1460== Copyright (C) 2002-2017, and GNU GPL'd, by Julian Seward et al.
==1460== Using Valgrind-3.13.0 and LibVEX; rerun with -h for copyright info
==1460== Command: /home/codio/workspace/hw3/hw3_tests/build/llrec_tests/llrec_tests --gtest_filter=Pivot.Size6LargeThenSmall
==1460== 
Running main() from /home/codio/googletest/googletest/src/gtest_main.cc
Note: Google Test filter = Pivot.Size6LargeThenSmall
[==========] Running 1 test from 1 test suite.
[----------] Global test environment set-up.
[----------] 1 test from Pivot
[ RUN      ] Pivot.Size6LargeThenSmall
[       OK ] Pivot.Size6LargeThenSmall (33 ms)
[----------] 1 test from Pivot (43 ms total)

[----------] Global test environment tear-down
[==========] 1 test from 1 test suite ran. (96 ms total)
[  PASSED  ] 1 test.
==1460== 
==1460== HEAP SUMMARY:
==1460==     in use at exit: 0 bytes in 0 blocks
==1460==   total heap usage: 419 allocs, 419 frees, 133,530 bytes allocated
==1460== 
==1460== All heap blocks were freed -- no leaks are possible
==1460== 
==1460== For counts of detected and suppressed errors, rerun with: -v
==1460== ERROR SUMMARY: 0 errors from 0 contexts (suppressed: 0 from 0)
<end of output>
Test time =   1.58 sec
----------------------------------------------------------
Test Passed.
"Pivot.Size6LargeThenSmall" end time: Oct 11 11:08 UTC
"Pivot.Size6LargeThenSmall" time elapsed: 00:00:01
----------------------------------------------------------

11/50 Testing: Pivot.Nominal
11/50 Test: Pivot.Nominal
Command: "/usr/bin/valgrind" "--tool=memcheck" "--leak-check=yes" "--trace-children=no" "--error-exitcode=113" "/home/codio/workspace/hw3/hw3_tests/build/llrec_tests/llrec_tests" "--gtest_filter=Pivot.Nominal"
Directory: /home/codio/workspace/hw3/hw3_tests/build/llrec_tests
"Pivot.Nominal" start time: Oct 11 11:08 UTC
Output:
----------------------------------------------------------
==1461== Memcheck, a memory error detector
==1461== Copyright (C) 2002-2017, and GNU GPL'd, by Julian Seward et al.
==1461== Using Valgrind-3.13.0 and LibVEX; rerun with -h for copyright info
==1461== Command: /home/codio/workspace/hw3/hw3_tests/build/llrec_tests/llrec_tests --gtest_filter=Pivot.Nominal
==1461== 
Running main() from /home/codio/googletest/googletest/src/gtest_main.cc
Note: Google Test filter = Pivot.Nominal
[==========] Running 1 test from 1 test suite.
[----------] Global test environment set-up.
[----------] 1 test from Pivot
[ RUN      ] Pivot.Nominal
[       OK ] Pivot.Nominal (33 ms)
[----------] 1 test from Pivot (43 ms total)

[----------] Global test environment tear-down
[==========] 1 test from 1 test suite ran. (96 ms total)
[  PASSED  ] 1 test.
==1461== 
==1461== HEAP SUMMARY:
==1461==     in use at exit: 0 bytes in 0 blocks
==1461==   total heap usage: 411 allocs, 411 frees, 133,231 bytes allocated
==1461== 
==1461== All heap blocks were freed -- no leaks are possible
==1461== 
==1461== For counts of detected and suppressed errors, rerun with: -v
==1461== ERROR SUMMARY: 0 errors from 0 contexts (suppressed: 0 from 0)
<end of output>
Test time =   1.58 sec
----------------------------------------------------------
Test Passed.
"Pivot.Nominal" end time: Oct 11 11:08 UTC
"Pivot.Nominal" time elapsed: 00:00:01
----------------------------------------------------------

12/50 Testing: Pivot.SameValues
12/50 Test: Pivot.SameValues
Command: "/usr/bin/valgrind" "--tool=memcheck" "--leak-check=yes" "--trace-children=no" "--error-exitcode=113" "/home/codio/workspace/hw3/hw3_tests/build/llrec_tests/llrec_tests" "--gtest_filter=Pivot.SameValues"
Directory: /home/codio/workspace/hw3/hw3_tests/build/llrec_tests
"Pivot.SameValues" start time: Oct 11 11:08 UTC
Output:
----------------------------------------------------------
==1462== Memcheck, a memory error detector
==1462== Copyright (C) 2002-2017, and GNU GPL'd, by Julian Seward et al.
==1462== Using Valgrind-3.13.0 and LibVEX; rerun with -h for copyright info
==1462== Command: /home/codio/workspace/hw3/hw3_tests/build/llrec_tests/llrec_tests --gtest_filter=Pivot.SameValues
==1462== 
Running main() from /home/codio/googletest/googletest/src/gtest_main.cc
Note: Google Test filter = Pivot.SameValues
[==========] Running 1 test from 1 test suite.
[----------] Global test environment set-up.
[----------] 1 test from Pivot
[ RUN      ] Pivot.SameValues
[       OK ] Pivot.SameValues (33 ms)
[----------] 1 test from Pivot (43 ms total)

[----------] Global test environment tear-down
[==========] 1 test from 1 test suite ran. (96 ms total)
[  PASSED  ] 1 test.
==1462== 
==1462== HEAP SUMMARY:
==1462==     in use at exit: 0 bytes in 0 blocks
==1462==   total heap usage: 416 allocs, 416 frees, 133,392 bytes allocated
==1462== 
==1462== All heap blocks were freed -- no leaks are possible
==1462== 
==1462== For counts of detected and suppressed errors, rerun with: -v
==1462== ERROR SUMMARY: 0 errors from 0 contexts (suppressed: 0 from 0)
<end of output>
Test time =   1.57 sec
----------------------------------------------------------
Test Passed.
"Pivot.SameValues" end time: Oct 11 11:08 UTC
"Pivot.SameValues" time elapsed: 00:00:01
----------------------------------------------------------

13/50 Testing: Pivot.NoCopySameNodeCheck
13/50 Test: Pivot.NoCopySameNodeCheck
Command: "/usr/bin/valgrind" "--tool=memcheck" "--leak-check=yes" "--trace-children=no" "--error-exitcode=113" "/home/codio/workspace/hw3/hw3_tests/build/llrec_tests/llrec_tests" "--gtest_filter=Pivot.NoCopySameNodeCheck"
Directory: /home/codio/workspace/hw3/hw3_tests/build/llrec_tests
"Pivot.NoCopySameNodeCheck" start time: Oct 11 11:08 UTC
Output:
----------------------------------------------------------
==1463== Memcheck, a memory error detector
==1463== Copyright (C) 2002-2017, and GNU GPL'd, by Julian Seward et al.
==1463== Using Valgrind-3.13.0 and LibVEX; rerun with -h for copyright info
==1463== Command: /home/codio/workspace/hw3/hw3_tests/build/llrec_tests/llrec_tests --gtest_filter=Pivot.NoCopySameNodeCheck
==1463== 
Running main() from /home/codio/googletest/googletest/src/gtest_main.cc
Note: Google Test filter = Pivot.NoCopySameNodeCheck
[==========] Running 1 test from 1 test suite.
[----------] Global test environment set-up.
[----------] 1 test from Pivot
[ RUN      ] Pivot.NoCopySameNodeCheck
[       OK ] Pivot.NoCopySameNodeCheck (49 ms)
[----------] 1 test from Pivot (58 ms total)

[----------] Global test environment tear-down
[==========] 1 test from 1 test suite ran. (112 ms total)
[  PASSED  ] 1 test.
==1463== 
==1463== HEAP SUMMARY:
==1463==     in use at exit: 0 bytes in 0 blocks
==1463==   total heap usage: 420 allocs, 420 frees, 133,538 bytes allocated
==1463== 
==1463== All heap blocks were freed -- no leaks are possible
==1463== 
==1463== For counts of detected and suppressed errors, rerun with: -v
==1463== ERROR SUMMARY: 0 errors from 0 contexts (suppressed: 0 from 0)
<end of output>
Test time =   1.58 sec
----------------------------------------------------------
Test Passed.
"Pivot.NoCopySameNodeCheck" end time: Oct 11 11:08 UTC
"Pivot.NoCopySameNodeCheck" time elapsed: 00:00:01
----------------------------------------------------------

14/50 Testing: Filter.EmptyList
14/50 Test: Filter.EmptyList
Command: "/usr/bin/valgrind" "--tool=memcheck" "--leak-check=yes" "--trace-children=no" "--error-exitcode=113" "/home/codio/workspace/hw3/hw3_tests/build/llrec_tests/llrec_tests" "--gtest_filter=Filter.EmptyList"
Directory: /home/codio/workspace/hw3/hw3_tests/build/llrec_tests
"Filter.EmptyList" start time: Oct 11 11:08 UTC
Output:
----------------------------------------------------------
==1464== Memcheck, a memory error detector
==1464== Copyright (C) 2002-2017, and GNU GPL'd, by Julian Seward et al.
==1464== Using Valgrind-3.13.0 and LibVEX; rerun with -h for copyright info
==1464== Command: /home/codio/workspace/hw3/hw3_tests/build/llrec_tests/llrec_tests --gtest_filter=Filter.EmptyList
==1464== 
Running main() from /home/codio/googletest/googletest/src/gtest_main.cc
Note: Google Test filter = Filter.EmptyList
[==========] Running 1 test from 1 test suite.
[----------] Global test environment set-up.
[----------] 1 test from Filter
[ RUN      ] Filter.EmptyList
[       OK ] Filter.EmptyList (24 ms)
[----------] 1 test from Filter (34 ms total)

[----------] Global test environment tear-down
[==========] 1 test from 1 test suite ran. (88 ms total)
[  PASSED  ] 1 test.
==1464== 
==1464== HEAP SUMMARY:
==1464==     in use at exit: 0 bytes in 0 blocks
==1464==   total heap usage: 410 allocs, 410 frees, 133,296 bytes allocated
==1464== 
==1464== All heap blocks were freed -- no leaks are possible
==1464== 
==1464== For counts of detected and suppressed errors, rerun with: -v
==1464== ERROR SUMMARY: 0 errors from 0 contexts (suppressed: 0 from 0)
<end of output>
Test time =   1.56 sec
----------------------------------------------------------
Test Passed.
"Filter.EmptyList" end time: Oct 11 11:08 UTC
"Filter.EmptyList" time elapsed: 00:00:01
----------------------------------------------------------

15/50 Testing: Filter.Size1_F
15/50 Test: Filter.Size1_F
Command: "/usr/bin/valgrind" "--tool=memcheck" "--leak-check=yes" "--trace-children=no" "--error-exitcode=113" "/home/codio/workspace/hw3/hw3_tests/build/llrec_tests/llrec_tests" "--gtest_filter=Filter.Size1_F"
Directory: /home/codio/workspace/hw3/hw3_tests/build/llrec_tests
"Filter.Size1_F" start time: Oct 11 11:08 UTC
Output:
----------------------------------------------------------
==1465== Memcheck, a memory error detector
==1465== Copyright (C) 2002-2017, and GNU GPL'd, by Julian Seward et al.
==1465== Using Valgrind-3.13.0 and LibVEX; rerun with -h for copyright info
==1465== Command: /home/codio/workspace/hw3/hw3_tests/build/llrec_tests/llrec_tests --gtest_filter=Filter.Size1_F
==1465== 
Running main() from /home/codio/googletest/googletest/src/gtest_main.cc
Note: Google Test filter = Filter.Size1_F
[==========] Running 1 test from 1 test suite.
[----------] Global test environment set-up.
[----------] 1 test from Filter
[ RUN      ] Filter.Size1_F
[       OK ] Filter.Size1_F (31 ms)
[----------] 1 test from Filter (41 ms total)

[----------] Global test environment tear-down
[==========] 1 test from 1 test suite ran. (94 ms total)
[  PASSED  ] 1 test.
==1465== 
==1465== HEAP SUMMARY:
==1465==     in use at exit: 0 bytes in 0 blocks
==1465==   total heap usage: 407 allocs, 407 frees, 133,164 bytes allocated
==1465== 
==1465== All heap blocks were freed -- no leaks are possible
==1465== 
==1465== For counts of detected and suppressed errors, rerun with: -v
==1465== ERROR SUMMARY: 0 errors from 0 contexts (suppressed: 0 from 0)
<end of output>
Test time =   1.58 sec
----------------------------------------------------------
Test Passed.
"Filter.Size1_F" end time: Oct 11 11:08 UTC
"Filter.Size1_F" time elapsed: 00:00:01
----------------------------------------------------------

16/50 Testing: Filter.Size1_nF
16/50 Test: Filter.Size1_nF
Command: "/usr/bin/valgrind" "--tool=memcheck" "--leak-check=yes" "--trace-children=no" "--error-exitcode=113" "/home/codio/workspace/hw3/hw3_tests/build/llrec_tests/llrec_tests" "--gtest_filter=Filter.Size1_nF"
Directory: /home/codio/workspace/hw3/hw3_tests/build/llrec_tests
"Filter.Size1_nF" start time: Oct 11 11:08 UTC
Output:
----------------------------------------------------------
==1466== Memcheck, a memory error detector
==1466== Copyright (C) 2002-2017, and GNU GPL'd, by Julian Seward et al.
==1466== Using Valgrind-3.13.0 and LibVEX; rerun with -h for copyright info
==1466== Command: /home/codio/workspace/hw3/hw3_tests/build/llrec_tests/llrec_tests --gtest_filter=Filter.Size1_nF
==1466== 
Running main() from /home/codio/googletest/googletest/src/gtest_main.cc
Note: Google Test filter = Filter.Size1_nF
[==========] Running 1 test from 1 test suite.
[----------] Global test environment set-up.
[----------] 1 test from Filter
[ RUN      ] Filter.Size1_nF
[       OK ] Filter.Size1_nF (31 ms)
[----------] 1 test from Filter (41 ms total)

[----------] Global test environment tear-down
[==========] 1 test from 1 test suite ran. (94 ms total)
[  PASSED  ] 1 test.
==1466== 
==1466== HEAP SUMMARY:
==1466==     in use at exit: 0 bytes in 0 blocks
==1466==   total heap usage: 408 allocs, 408 frees, 133,173 bytes allocated
==1466== 
==1466== All heap blocks were freed -- no leaks are possible
==1466== 
==1466== For counts of detected and suppressed errors, rerun with: -v
==1466== ERROR SUMMARY: 0 errors from 0 contexts (suppressed: 0 from 0)
<end of output>
Test time =   1.57 sec
----------------------------------------------------------
Test Passed.
"Filter.Size1_nF" end time: Oct 11 11:08 UTC
"Filter.Size1_nF" time elapsed: 00:00:01
----------------------------------------------------------

17/50 Testing: Filter.Size2_F_nF
17/50 Test: Filter.Size2_F_nF
Command: "/usr/bin/valgrind" "--tool=memcheck" "--leak-check=yes" "--trace-children=no" "--error-exitcode=113" "/home/codio/workspace/hw3/hw3_tests/build/llrec_tests/llrec_tests" "--gtest_filter=Filter.Size2_F_nF"
Directory: /home/codio/workspace/hw3/hw3_tests/build/llrec_tests
"Filter.Size2_F_nF" start time: Oct 11 11:08 UTC
Output:
----------------------------------------------------------
==1467== Memcheck, a memory error detector
==1467== Copyright (C) 2002-2017, and GNU GPL'd, by Julian Seward et al.
==1467== Using Valgrind-3.13.0 and LibVEX; rerun with -h for copyright info
==1467== Command: /home/codio/workspace/hw3/hw3_tests/build/llrec_tests/llrec_tests --gtest_filter=Filter.Size2_F_nF
==1467== 
Running main() from /home/codio/googletest/googletest/src/gtest_main.cc
Note: Google Test filter = Filter.Size2_F_nF
[==========] Running 1 test from 1 test suite.
[----------] Global test environment set-up.
[----------] 1 test from Filter
[ RUN      ] Filter.Size2_F_nF
[       OK ] Filter.Size2_F_nF (32 ms)
[----------] 1 test from Filter (42 ms total)

[----------] Global test environment tear-down
[==========] 1 test from 1 test suite ran. (95 ms total)
[  PASSED  ] 1 test.
==1467== 
==1467== HEAP SUMMARY:
==1467==     in use at exit: 0 bytes in 0 blocks
==1467==   total heap usage: 415 allocs, 415 frees, 133,358 bytes allocated
==1467== 
==1467== All heap blocks were freed -- no leaks are possible
==1467== 
==1467== For counts of detected and suppressed errors, rerun with: -v
==1467== ERROR SUMMARY: 0 errors from 0 contexts (suppressed: 0 from 0)
<end of output>
Test time =   1.56 sec
----------------------------------------------------------
Test Passed.
"Filter.Size2_F_nF" end time: Oct 11 11:08 UTC
"Filter.Size2_F_nF" time elapsed: 00:00:01
----------------------------------------------------------

18/50 Testing: Filter.Size2_nF_F
18/50 Test: Filter.Size2_nF_F
Command: "/usr/bin/valgrind" "--tool=memcheck" "--leak-check=yes" "--trace-children=no" "--error-exitcode=113" "/home/codio/workspace/hw3/hw3_tests/build/llrec_tests/llrec_tests" "--gtest_filter=Filter.Size2_nF_F"
Directory: /home/codio/workspace/hw3/hw3_tests/build/llrec_tests
"Filter.Size2_nF_F" start time: Oct 11 11:08 UTC
Output:
----------------------------------------------------------
==1468== Memcheck, a memory error detector
==1468== Copyright (C) 2002-2017, and GNU GPL'd, by Julian Seward et al.
==1468== Using Valgrind-3.13.0 and LibVEX; rerun with -h for copyright info
==1468== Command: /home/codio/workspace/hw3/hw3_tests/build/llrec_tests/llrec_tests --gtest_filter=Filter.Size2_nF_F
==1468== 
Running main() from /home/codio/googletest/googletest/src/gtest_main.cc
Note: Google Test filter = Filter.Size2_nF_F
[==========] Running 1 test from 1 test suite.
[----------] Global test environment set-up.
[----------] 1 test from Filter
[ RUN      ] Filter.Size2_nF_F
[       OK ] Filter.Size2_nF_F (31 ms)
[----------] 1 test from Filter (41 ms total)

[----------] Global test environment tear-down
[==========] 1 test from 1 test suite ran. (95 ms total)
[  PASSED  ] 1 test.
==1468== 
==1468== HEAP SUMMARY:
==1468==     in use at exit: 0 bytes in 0 blocks
==1468==   total heap usage: 414 allocs, 414 frees, 133,350 bytes allocated
==1468== 
==1468== All heap blocks were freed -- no leaks are possible
==1468== 
==1468== For counts of detected and suppressed errors, rerun with: -v
==1468== ERROR SUMMARY: 0 errors from 0 contexts (suppressed: 0 from 0)
<end of output>
Test time =   1.57 sec
----------------------------------------------------------
Test Passed.
"Filter.Size2_nF_F" end time: Oct 11 11:08 UTC
"Filter.Size2_nF_F" time elapsed: 00:00:01
----------------------------------------------------------

19/50 Testing: Filter.Size3_nF_F_nF
19/50 Test: Filter.Size3_nF_F_nF
Command: "/usr/bin/valgrind" "--tool=memcheck" "--leak-check=yes" "--trace-children=no" "--error-exitcode=113" "/home/codio/workspace/hw3/hw3_tests/build/llrec_tests/llrec_tests" "--gtest_filter=Filter.Size3_nF_F_nF"
Directory: /home/codio/workspace/hw3/hw3_tests/build/llrec_tests
"Filter.Size3_nF_F_nF" start time: Oct 11 11:08 UTC
Output:
----------------------------------------------------------
==1469== Memcheck, a memory error detector
==1469== Copyright (C) 2002-2017, and GNU GPL'd, by Julian Seward et al.
==1469== Using Valgrind-3.13.0 and LibVEX; rerun with -h for copyright info
==1469== Command: /home/codio/workspace/hw3/hw3_tests/build/llrec_tests/llrec_tests --gtest_filter=Filter.Size3_nF_F_nF
==1469== 
Running main() from /home/codio/googletest/googletest/src/gtest_main.cc
Note: Google Test filter = Filter.Size3_nF_F_nF
[==========] Running 1 test from 1 test suite.
[----------] Global test environment set-up.
[----------] 1 test from Filter
[ RUN      ] Filter.Size3_nF_F_nF
[       OK ] Filter.Size3_nF_F_nF (31 ms)
[----------] 1 test from Filter (41 ms total)

[----------] Global test environment tear-down
[==========] 1 test from 1 test suite ran. (94 ms total)
[  PASSED  ] 1 test.
==1469== 
==1469== HEAP SUMMARY:
==1469==     in use at exit: 0 bytes in 0 blocks
==1469==   total heap usage: 415 allocs, 415 frees, 133,404 bytes allocated
==1469== 
==1469== All heap blocks were freed -- no leaks are possible
==1469== 
==1469== For counts of detected and suppressed errors, rerun with: -v
==1469== ERROR SUMMARY: 0 errors from 0 contexts (suppressed: 0 from 0)
<end of output>
Test time =   1.57 sec
----------------------------------------------------------
Test Passed.
"Filter.Size3_nF_F_nF" end time: Oct 11 11:08 UTC
"Filter.Size3_nF_F_nF" time elapsed: 00:00:01
----------------------------------------------------------

20/50 Testing: Filter.Size3_F_nF_F
20/50 Test: Filter.Size3_F_nF_F
Command: "/usr/bin/valgrind" "--tool=memcheck" "--leak-check=yes" "--trace-children=no" "--error-exitcode=113" "/home/codio/workspace/hw3/hw3_tests/build/llrec_tests/llrec_tests" "--gtest_filter=Filter.Size3_F_nF_F"
Directory: /home/codio/workspace/hw3/hw3_tests/build/llrec_tests
"Filter.Size3_F_nF_F" start time: Oct 11 11:08 UTC
Output:
----------------------------------------------------------
==1470== Memcheck, a memory error detector
==1470== Copyright (C) 2002-2017, and GNU GPL'd, by Julian Seward et al.
==1470== Using Valgrind-3.13.0 and LibVEX; rerun with -h for copyright info
==1470== Command: /home/codio/workspace/hw3/hw3_tests/build/llrec_tests/llrec_tests --gtest_filter=Filter.Size3_F_nF_F
==1470== 
Running main() from /home/codio/googletest/googletest/src/gtest_main.cc
Note: Google Test filter = Filter.Size3_F_nF_F
[==========] Running 1 test from 1 test suite.
[----------] Global test environment set-up.
[----------] 1 test from Filter
[ RUN      ] Filter.Size3_F_nF_F
[       OK ] Filter.Size3_F_nF_F (31 ms)
[----------] 1 test from Filter (41 ms total)

[----------] Global test environment tear-down
[==========] 1 test from 1 test suite ran. (94 ms total)
[  PASSED  ] 1 test.
==1470== 
==1470== HEAP SUMMARY:
==1470==     in use at exit: 0 bytes in 0 blocks
==1470==   total heap usage: 415 allocs, 415 frees, 133,390 bytes allocated
==1470== 
==1470== All heap blocks were freed -- no leaks are possible
==1470== 
==1470== For counts of detected and suppressed errors, rerun with: -v
==1470== ERROR SUMMARY: 0 errors from 0 contexts (suppressed: 0 from 0)
<end of output>
Test time =   1.57 sec
----------------------------------------------------------
Test Passed.
"Filter.Size3_F_nF_F" end time: Oct 11 11:08 UTC
"Filter.Size3_F_nF_F" time elapsed: 00:00:01
----------------------------------------------------------

21/50 Testing: Filter.SameNodeCheck
21/50 Test: Filter.SameNodeCheck
Command: "/usr/bin/valgrind" "--tool=memcheck" "--leak-check=yes" "--trace-children=no" "--error-exitcode=113" "/home/codio/workspace/hw3/hw3_tests/build/llrec_tests/llrec_tests" "--gtest_filter=Filter.SameNodeCheck"
Directory: /home/codio/workspace/hw3/hw3_tests/build/llrec_tests
"Filter.SameNodeCheck" start time: Oct 11 11:08 UTC
Output:
----------------------------------------------------------
==1471== Memcheck, a memory error detector
==1471== Copyright (C) 2002-2017, and GNU GPL'd, by Julian Seward et al.
==1471== Using Valgrind-3.13.0 and LibVEX; rerun with -h for copyright info
==1471== Command: /home/codio/workspace/hw3/hw3_tests/build/llrec_tests/llrec_tests --gtest_filter=Filter.SameNodeCheck
==1471== 
Running main() from /home/codio/googletest/googletest/src/gtest_main.cc
Note: Google Test filter = Filter.SameNodeCheck
[==========] Running 1 test from 1 test suite.
[----------] Global test environment set-up.
[----------] 1 test from Filter
[ RUN      ] Filter.SameNodeCheck
[       OK ] Filter.SameNodeCheck (47 ms)
[----------] 1 test from Filter (57 ms total)

[----------] Global test environment tear-down
[==========] 1 test from 1 test suite ran. (110 ms total)
[  PASSED  ] 1 test.
==1471== 
==1471== HEAP SUMMARY:
==1471==     in use at exit: 0 bytes in 0 blocks
==1471==   total heap usage: 420 allocs, 420 frees, 133,500 bytes allocated
==1471== 
==1471== All heap blocks were freed -- no leaks are possible
==1471== 
==1471== For counts of detected and suppressed errors, rerun with: -v
==1471== ERROR SUMMARY: 0 errors from 0 contexts (suppressed: 0 from 0)
<end of output>
Test time =   1.58 sec
----------------------------------------------------------
Test Passed.
"Filter.SameNodeCheck" end time: Oct 11 11:08 UTC
"Filter.SameNodeCheck" time elapsed: 00:00:01
----------------------------------------------------------

22/50 Testing: Filter.MultipleCalls
22/50 Test: Filter.MultipleCalls
Command: "/usr/bin/valgrind" "--tool=memcheck" "--leak-check=yes" "--trace-children=no" "--error-exitcode=113" "/home/codio/workspace/hw3/hw3_tests/build/llrec_tests/llrec_tests" "--gtest_filter=Filter.MultipleCalls"
Directory: /home/codio/workspace/hw3/hw3_tests/build/llrec_tests
"Filter.MultipleCalls" start time: Oct 11 11:08 UTC
Output:
----------------------------------------------------------
==1472== Memcheck, a memory error detector
==1472== Copyright (C) 2002-2017, and GNU GPL'd, by Julian Seward et al.
==1472== Using Valgrind-3.13.0 and LibVEX; rerun with -h for copyright info
==1472== Command: /home/codio/workspace/hw3/hw3_tests/build/llrec_tests/llrec_tests --gtest_filter=Filter.MultipleCalls
==1472== 
Running main() from /home/codio/googletest/googletest/src/gtest_main.cc
Note: Google Test filter = Filter.MultipleCalls
[==========] Running 1 test from 1 test suite.
[----------] Global test environment set-up.
[----------] 1 test from Filter
[ RUN      ] Filter.MultipleCalls
[       OK ] Filter.MultipleCalls (35 ms)
[----------] 1 test from Filter (45 ms total)

[----------] Global test environment tear-down
[==========] 1 test from 1 test suite ran. (100 ms total)
[  PASSED  ] 1 test.
==1472== 
==1472== HEAP SUMMARY:
==1472==     in use at exit: 0 bytes in 0 blocks
==1472==   total heap usage: 420 allocs, 420 frees, 133,500 bytes allocated
==1472== 
==1472== All heap blocks were freed -- no leaks are possible
==1472== 
==1472== For counts of detected and suppressed errors, rerun with: -v
==1472== ERROR SUMMARY: 0 errors from 0 contexts (suppressed: 0 from 0)
<end of output>
Test time =   1.59 sec
----------------------------------------------------------
Test Passed.
"Filter.MultipleCalls" end time: Oct 11 11:08 UTC
"Filter.MultipleCalls" time elapsed: 00:00:01
----------------------------------------------------------

23/50 Testing: Filter.CompareWithLlrec
23/50 Test: Filter.CompareWithLlrec
Command: "/usr/bin/valgrind" "--tool=memcheck" "--leak-check=yes" "--trace-children=no" "--error-exitcode=113" "/home/codio/workspace/hw3/hw3_tests/build/llrec_tests/llrec_tests" "--gtest_filter=Filter.CompareWithLlrec"
Directory: /home/codio/workspace/hw3/hw3_tests/build/llrec_tests
"Filter.CompareWithLlrec" start time: Oct 11 11:08 UTC
Output:
----------------------------------------------------------
==1473== Memcheck, a memory error detector
==1473== Copyright (C) 2002-2017, and GNU GPL'd, by Julian Seward et al.
==1473== Using Valgrind-3.13.0 and LibVEX; rerun with -h for copyright info
==1473== Command: /home/codio/workspace/hw3/hw3_tests/build/llrec_tests/llrec_tests --gtest_filter=Filter.CompareWithLlrec
==1473== 
Running main() from /home/codio/googletest/googletest/src/gtest_main.cc
Note: Google Test filter = Filter.CompareWithLlrec
[==========] Running 1 test from 1 test suite.
[----------] Global test environment set-up.
[----------] 1 test from Filter
[ RUN      ] Filter.CompareWithLlrec
[       OK ] Filter.CompareWithLlrec (43 ms)
[----------] 1 test from Filter (52 ms total)

[----------] Global test environment tear-down
[==========] 1 test from 1 test suite ran. (106 ms total)
[  PASSED  ] 1 test.
==1473== 
==1473== HEAP SUMMARY:
==1473==     in use at exit: 0 bytes in 0 blocks
==1473==   total heap usage: 430 allocs, 430 frees, 133,654 bytes allocated
==1473== 
==1473== All heap blocks were freed -- no leaks are possible
==1473== 
==1473== For counts of detected and suppressed errors, rerun with: -v
==1473== ERROR SUMMARY: 0 errors from 0 contexts (suppressed: 0 from 0)
<end of output>
Test time =   1.59 sec
----------------------------------------------------------
Test Passed.
"Filter.CompareWithLlrec" end time: Oct 11 11:08 UTC
"Filter.CompareWithLlrec" time elapsed: 00:00:01
----------------------------------------------------------

24/50 Testing: Stack.BasicString
24/50 Test: Stack.BasicString
Command: "/usr/bin/valgrind" "--tool=memcheck" "--leak-check=yes" "--trace-children=no" "--error-exitcode=113" "/home/codio/workspace/hw3/hw3_tests/build/stack_tests/stack_tests" "--gtest_filter=Stack.BasicString"
Directory: /home/codio/workspace/hw3/hw3_tests/build/stack_tests
"Stack.BasicString" start time: Oct 11 11:08 UTC
Output:
----------------------------------------------------------
==1474== Memcheck, a memory error detector
==1474== Copyright (C) 2002-2017, and GNU GPL'd, by Julian Seward et al.
==1474== Using Valgrind-3.13.0 and LibVEX; rerun with -h for copyright info
==1474== Command: /home/codio/workspace/hw3/hw3_tests/build/stack_tests/stack_tests --gtest_filter=Stack.BasicString
==1474== 
Running main() from /home/codio/googletest/googletest/src/gtest_main.cc
Note: Google Test filter = Stack.BasicString
[==========] Running 1 test from 1 test suite.
[----------] Global test environment set-up.
[----------] 1 test from Stack
[ RUN      ] Stack.BasicString
[       OK ] Stack.BasicString (105 ms)
[----------] 1 test from Stack (116 ms total)

[----------] Global test environment tear-down
[==========] 1 test from 1 test suite ran. (173 ms total)
[  PASSED  ] 1 test.
==1474== 
==1474== HEAP SUMMARY:
==1474==     in use at exit: 0 bytes in 0 blocks
==1474==   total heap usage: 230 allocs, 230 frees, 120,642 bytes allocated
==1474== 
==1474== All heap blocks were freed -- no leaks are possible
==1474== 
==1474== For counts of detected and suppressed errors, rerun with: -v
==1474== ERROR SUMMARY: 0 errors from 0 contexts (suppressed: 0 from 0)
<end of output>
Test time =   1.65 sec
----------------------------------------------------------
Test Passed.
"Stack.BasicString" end time: Oct 11 11:08 UTC
"Stack.BasicString" time elapsed: 00:00:01
----------------------------------------------------------

25/50 Testing: Stack.RandomInt
25/50 Test: Stack.RandomInt
Command: "/usr/bin/valgrind" "--tool=memcheck" "--leak-check=yes" "--trace-children=no" "--error-exitcode=113" "/home/codio/workspace/hw3/hw3_tests/build/stack_tests/stack_tests" "--gtest_filter=Stack.RandomInt"
Directory: /home/codio/workspace/hw3/hw3_tests/build/stack_tests
"Stack.RandomInt" start time: Oct 11 11:08 UTC
Output:
----------------------------------------------------------
==1475== Memcheck, a memory error detector
==1475== Copyright (C) 2002-2017, and GNU GPL'd, by Julian Seward et al.
==1475== Using Valgrind-3.13.0 and LibVEX; rerun with -h for copyright info
==1475== Command: /home/codio/workspace/hw3/hw3_tests/build/stack_tests/stack_tests --gtest_filter=Stack.RandomInt
==1475== 
Running main() from /home/codio/googletest/googletest/src/gtest_main.cc
Note: Google Test filter = Stack.RandomInt
[==========] Running 1 test from 1 test suite.
[----------] Global test environment set-up.
[----------] 1 test from Stack
[ RUN      ] Stack.RandomInt
[       OK ] Stack.RandomInt (1680 ms)
[----------] 1 test from Stack (1689 ms total)

[----------] Global test environment tear-down
[==========] 1 test from 1 test suite ran. (1749 ms total)
[  PASSED  ] 1 test.
==1475== 
==1475== HEAP SUMMARY:
==1475==     in use at exit: 0 bytes in 0 blocks
==1475==   total heap usage: 21,262 allocs, 21,262 frees, 1,081,475 bytes allocated
==1475== 
==1475== All heap blocks were freed -- no leaks are possible
==1475== 
==1475== For counts of detected and suppressed errors, rerun with: -v
==1475== ERROR SUMMARY: 0 errors from 0 contexts (suppressed: 0 from 0)
<end of output>
Test time =   3.40 sec
----------------------------------------------------------
Test Passed.
"Stack.RandomInt" end time: Oct 11 11:09 UTC
"Stack.RandomInt" time elapsed: 00:00:03
----------------------------------------------------------

26/50 Testing: HeapTest.ConstructionDestruction
26/50 Test: HeapTest.ConstructionDestruction
Command: "/usr/bin/valgrind" "--tool=memcheck" "--leak-check=yes" "--trace-children=no" "--error-exitcode=113" "/home/codio/workspace/hw3/hw3_tests/build/heap_tests/heap_tests" "--gtest_filter=HeapTest.ConstructionDestruction"
Directory: /home/codio/workspace/hw3/hw3_tests/build/heap_tests
"HeapTest.ConstructionDestruction" start time: Oct 11 11:09 UTC
Output:
----------------------------------------------------------
==1476== Memcheck, a memory error detector
==1476== Copyright (C) 2002-2017, and GNU GPL'd, by Julian Seward et al.
==1476== Using Valgrind-3.13.0 and LibVEX; rerun with -h for copyright info
==1476== Command: /home/codio/workspace/hw3/hw3_tests/build/heap_tests/heap_tests --gtest_filter=HeapTest.ConstructionDestruction
==1476== 
Running main() from /home/codio/googletest/googletest/src/gtest_main.cc
Note: Google Test filter = HeapTest.ConstructionDestruction
[==========] Running 1 test from 1 test suite.
[----------] Global test environment set-up.
[----------] 1 test from HeapTest
[ RUN      ] HeapTest.ConstructionDestruction
[       OK ] HeapTest.ConstructionDestruction (18 ms)
[----------] 1 test from HeapTest (27 ms total)

[----------] Global test environment tear-down
[==========] 1 test from 1 test suite ran. (80 ms total)
[  PASSED  ] 1 test.
==1476== 
==1476== HEAP SUMMARY:
==1476==     in use at exit: 0 bytes in 0 blocks
==1476==   total heap usage: 468 allocs, 468 frees, 135,835 bytes allocated
==1476== 
==1476== All heap blocks were freed -- no leaks are possible
==1476== 
==1476== For counts of detected and suppressed errors, rerun with: -v
==1476== ERROR SUMMARY: 0 errors from 0 contexts (suppressed: 0 from 0)
<end of output>
Test time =   1.58 sec
----------------------------------------------------------
Test Passed.
"HeapTest.ConstructionDestruction" end time: Oct 11 11:09 UTC
"HeapTest.ConstructionDestruction" time elapsed: 00:00:01
----------------------------------------------------------

27/50 Testing: HeapTest.InitiallyEmpty
27/50 Test: HeapTest.InitiallyEmpty
Command: "/usr/bin/valgrind" "--tool=memcheck" "--leak-check=yes" "--trace-children=no" "--error-exitcode=113" "/home/codio/workspace/hw3/hw3_tests/build/heap_tests/heap_tests" "--gtest_filter=HeapTest.InitiallyEmpty"
Directory: /home/codio/workspace/hw3/hw3_tests/build/heap_tests
"HeapTest.InitiallyEmpty" start time: Oct 11 11:09 UTC
Output:
----------------------------------------------------------
==1477== Memcheck, a memory error detector
==1477== Copyright (C) 2002-2017, and GNU GPL'd, by Julian Seward et al.
==1477== Using Valgrind-3.13.0 and LibVEX; rerun with -h for copyright info
==1477== Command: /home/codio/workspace/hw3/hw3_tests/build/heap_tests/heap_tests --gtest_filter=HeapTest.InitiallyEmpty
==1477== 
Running main() from /home/codio/googletest/googletest/src/gtest_main.cc
Note: Google Test filter = HeapTest.InitiallyEmpty
[==========] Running 1 test from 1 test suite.
[----------] Global test environment set-up.
[----------] 1 test from HeapTest
[ RUN      ] HeapTest.InitiallyEmpty
[       OK ] HeapTest.InitiallyEmpty (21 ms)
[----------] 1 test from HeapTest (30 ms total)

[----------] Global test environment tear-down
[==========] 1 test from 1 test suite ran. (83 ms total)
[  PASSED  ] 1 test.
==1477== 
==1477== HEAP SUMMARY:
==1477==     in use at exit: 0 bytes in 0 blocks
==1477==   total heap usage: 468 allocs, 468 frees, 135,739 bytes allocated
==1477== 
==1477== All heap blocks were freed -- no leaks are possible
==1477== 
==1477== For counts of detected and suppressed errors, rerun with: -v
==1477== ERROR SUMMARY: 0 errors from 0 contexts (suppressed: 0 from 0)
<end of output>
Test time =   1.57 sec
----------------------------------------------------------
Test Passed.
"HeapTest.InitiallyEmpty" end time: Oct 11 11:09 UTC
"HeapTest.InitiallyEmpty" time elapsed: 00:00:01
----------------------------------------------------------

28/50 Testing: HeapTest.EmptyTopException
28/50 Test: HeapTest.EmptyTopException
Command: "/usr/bin/valgrind" "--tool=memcheck" "--leak-check=yes" "--trace-children=no" "--error-exitcode=113" "/home/codio/workspace/hw3/hw3_tests/build/heap_tests/heap_tests" "--gtest_filter=HeapTest.EmptyTopException"
Directory: /home/codio/workspace/hw3/hw3_tests/build/heap_tests
"HeapTest.EmptyTopException" start time: Oct 11 11:09 UTC
Output:
----------------------------------------------------------
==1478== Memcheck, a memory error detector
==1478== Copyright (C) 2002-2017, and GNU GPL'd, by Julian Seward et al.
==1478== Using Valgrind-3.13.0 and LibVEX; rerun with -h for copyright info
==1478== Command: /home/codio/workspace/hw3/hw3_tests/build/heap_tests/heap_tests --gtest_filter=HeapTest.EmptyTopException
==1478== 
Running main() from /home/codio/googletest/googletest/src/gtest_main.cc
Note: Google Test filter = HeapTest.EmptyTopException
[==========] Running 1 test from 1 test suite.
[----------] Global test environment set-up.
[----------] 1 test from HeapTest
[ RUN      ] HeapTest.EmptyTopException
[       OK ] HeapTest.EmptyTopException (61 ms)
[----------] 1 test from HeapTest (71 ms total)

[----------] Global test environment tear-down
[==========] 1 test from 1 test suite ran. (124 ms total)
[  PASSED  ] 1 test.
==1478== 
==1478== HEAP SUMMARY:
==1478==     in use at exit: 0 bytes in 0 blocks
==1478==   total heap usage: 470 allocs, 470 frees, 135,951 bytes allocated
==1478== 
==1478== All heap blocks were freed -- no leaks are possible
==1478== 
==1478== For counts of detected and suppressed errors, rerun with: -v
==1478== ERROR SUMMARY: 0 errors from 0 contexts (suppressed: 0 from 0)
<end of output>
Test time =   1.61 sec
----------------------------------------------------------
Test Passed.
"HeapTest.EmptyTopException" end time: Oct 11 11:09 UTC
"HeapTest.EmptyTopException" time elapsed: 00:00:01
----------------------------------------------------------

29/50 Testing: HeapTest.EmptyPopException
29/50 Test: HeapTest.EmptyPopException
Command: "/usr/bin/valgrind" "--tool=memcheck" "--leak-check=yes" "--trace-children=no" "--error-exitcode=113" "/home/codio/workspace/hw3/hw3_tests/build/heap_tests/heap_tests" "--gtest_filter=HeapTest.EmptyPopException"
Directory: /home/codio/workspace/hw3/hw3_tests/build/heap_tests
"HeapTest.EmptyPopException" start time: Oct 11 11:09 UTC
Output:
----------------------------------------------------------
==1479== Memcheck, a memory error detector
==1479== Copyright (C) 2002-2017, and GNU GPL'd, by Julian Seward et al.
==1479== Using Valgrind-3.13.0 and LibVEX; rerun with -h for copyright info
==1479== Command: /home/codio/workspace/hw3/hw3_tests/build/heap_tests/heap_tests --gtest_filter=HeapTest.EmptyPopException
==1479== 
Running main() from /home/codio/googletest/googletest/src/gtest_main.cc
Note: Google Test filter = HeapTest.EmptyPopException
[==========] Running 1 test from 1 test suite.
[----------] Global test environment set-up.
[----------] 1 test from HeapTest
[ RUN      ] HeapTest.EmptyPopException
[       OK ] HeapTest.EmptyPopException (61 ms)
[----------] 1 test from HeapTest (71 ms total)

[----------] Global test environment tear-down
[==========] 1 test from 1 test suite ran. (125 ms total)
[  PASSED  ] 1 test.
==1479== 
==1479== HEAP SUMMARY:
==1479==     in use at exit: 0 bytes in 0 blocks
==1479==   total heap usage: 470 allocs, 470 frees, 135,951 bytes allocated
==1479== 
==1479== All heap blocks were freed -- no leaks are possible
==1479== 
==1479== For counts of detected and suppressed errors, rerun with: -v
==1479== ERROR SUMMARY: 0 errors from 0 contexts (suppressed: 0 from 0)
<end of output>
Test time =   1.62 sec
----------------------------------------------------------
Test Passed.
"HeapTest.EmptyPopException" end time: Oct 11 11:09 UTC
"HeapTest.EmptyPopException" time elapsed: 00:00:01
----------------------------------------------------------

30/50 Testing: HeapTest.SingleItemNonempty
30/50 Test: HeapTest.SingleItemNonempty
Command: "/usr/bin/valgrind" "--tool=memcheck" "--leak-check=yes" "--trace-children=no" "--error-exitcode=113" "/home/codio/workspace/hw3/hw3_tests/build/heap_tests/heap_tests" "--gtest_filter=HeapTest.SingleItemNonempty"
Directory: /home/codio/workspace/hw3/hw3_tests/build/heap_tests
"HeapTest.SingleItemNonempty" start time: Oct 11 11:09 UTC
Output:
----------------------------------------------------------
==1480== Memcheck, a memory error detector
==1480== Copyright (C) 2002-2017, and GNU GPL'd, by Julian Seward et al.
==1480== Using Valgrind-3.13.0 and LibVEX; rerun with -h for copyright info
==1480== Command: /home/codio/workspace/hw3/hw3_tests/build/heap_tests/heap_tests --gtest_filter=HeapTest.SingleItemNonempty
==1480== 
Running main() from /home/codio/googletest/googletest/src/gtest_main.cc
Note: Google Test filter = HeapTest.SingleItemNonempty
[==========] Running 1 test from 1 test suite.
[----------] Global test environment set-up.
[----------] 1 test from HeapTest
[ RUN      ] HeapTest.SingleItemNonempty
[       OK ] HeapTest.SingleItemNonempty (25 ms)
[----------] 1 test from HeapTest (34 ms total)

[----------] Global test environment tear-down
[==========] 1 test from 1 test suite ran. (87 ms total)
[  PASSED  ] 1 test.
==1480== 
==1480== HEAP SUMMARY:
==1480==     in use at exit: 0 bytes in 0 blocks
==1480==   total heap usage: 469 allocs, 469 frees, 135,783 bytes allocated
==1480== 
==1480== All heap blocks were freed -- no leaks are possible
==1480== 
==1480== For counts of detected and suppressed errors, rerun with: -v
==1480== ERROR SUMMARY: 0 errors from 0 contexts (suppressed: 0 from 0)
<end of output>
Test time =   1.58 sec
----------------------------------------------------------
Test Passed.
"HeapTest.SingleItemNonempty" end time: Oct 11 11:09 UTC
"HeapTest.SingleItemNonempty" time elapsed: 00:00:01
----------------------------------------------------------

31/50 Testing: HeapTest.SingleItemPush
31/50 Test: HeapTest.SingleItemPush
Command: "/usr/bin/valgrind" "--tool=memcheck" "--leak-check=yes" "--trace-children=no" "--error-exitcode=113" "/home/codio/workspace/hw3/hw3_tests/build/heap_tests/heap_tests" "--gtest_filter=HeapTest.SingleItemPush"
Directory: /home/codio/workspace/hw3/hw3_tests/build/heap_tests
"HeapTest.SingleItemPush" start time: Oct 11 11:09 UTC
Output:
----------------------------------------------------------
==1481== Memcheck, a memory error detector
==1481== Copyright (C) 2002-2017, and GNU GPL'd, by Julian Seward et al.
==1481== Using Valgrind-3.13.0 and LibVEX; rerun with -h for copyright info
==1481== Command: /home/codio/workspace/hw3/hw3_tests/build/heap_tests/heap_tests --gtest_filter=HeapTest.SingleItemPush
==1481== 
Running main() from /home/codio/googletest/googletest/src/gtest_main.cc
Note: Google Test filter = HeapTest.SingleItemPush
[==========] Running 1 test from 1 test suite.
[----------] Global test environment set-up.
[----------] 1 test from HeapTest
[ RUN      ] HeapTest.SingleItemPush
[       OK ] HeapTest.SingleItemPush (27 ms)
[----------] 1 test from HeapTest (37 ms total)

[----------] Global test environment tear-down
[==========] 1 test from 1 test suite ran. (91 ms total)
[  PASSED  ] 1 test.
==1481== 
==1481== HEAP SUMMARY:
==1481==     in use at exit: 0 bytes in 0 blocks
==1481==   total heap usage: 469 allocs, 469 frees, 135,743 bytes allocated
==1481== 
==1481== All heap blocks were freed -- no leaks are possible
==1481== 
==1481== For counts of detected and suppressed errors, rerun with: -v
==1481== ERROR SUMMARY: 0 errors from 0 contexts (suppressed: 0 from 0)
<end of output>
Test time =   1.59 sec
----------------------------------------------------------
Test Passed.
"HeapTest.SingleItemPush" end time: Oct 11 11:09 UTC
"HeapTest.SingleItemPush" time elapsed: 00:00:01
----------------------------------------------------------

32/50 Testing: HeapTest.SingleItemPushPop
32/50 Test: HeapTest.SingleItemPushPop
Command: "/usr/bin/valgrind" "--tool=memcheck" "--leak-check=yes" "--trace-children=no" "--error-exitcode=113" "/home/codio/workspace/hw3/hw3_tests/build/heap_tests/heap_tests" "--gtest_filter=HeapTest.SingleItemPushPop"
Directory: /home/codio/workspace/hw3/hw3_tests/build/heap_tests
"HeapTest.SingleItemPushPop" start time: Oct 11 11:09 UTC
Output:
----------------------------------------------------------
==1482== Memcheck, a memory error detector
==1482== Copyright (C) 2002-2017, and GNU GPL'd, by Julian Seward et al.
==1482== Using Valgrind-3.13.0 and LibVEX; rerun with -h for copyright info
==1482== Command: /home/codio/workspace/hw3/hw3_tests/build/heap_tests/heap_tests --gtest_filter=HeapTest.SingleItemPushPop
==1482== 
Running main() from /home/codio/googletest/googletest/src/gtest_main.cc
Note: Google Test filter = HeapTest.SingleItemPushPop
[==========] Running 1 test from 1 test suite.
[----------] Global test environment set-up.
[----------] 1 test from HeapTest
[ RUN      ] HeapTest.SingleItemPushPop
[       OK ] HeapTest.SingleItemPushPop (33 ms)
[----------] 1 test from HeapTest (46 ms total)

[----------] Global test environment tear-down
[==========] 1 test from 1 test suite ran. (114 ms total)
[  PASSED  ] 1 test.
==1482== 
==1482== HEAP SUMMARY:
==1482==     in use at exit: 0 bytes in 0 blocks
==1482==   total heap usage: 469 allocs, 469 frees, 135,773 bytes allocated
==1482== 
==1482== All heap blocks were freed -- no leaks are possible
==1482== 
==1482== For counts of detected and suppressed errors, rerun with: -v
==1482== ERROR SUMMARY: 0 errors from 0 contexts (suppressed: 0 from 0)
<end of output>
Test time =   1.64 sec
----------------------------------------------------------
Test Passed.
"HeapTest.SingleItemPushPop" end time: Oct 11 11:09 UTC
"HeapTest.SingleItemPushPop" time elapsed: 00:00:01
----------------------------------------------------------

33/50 Testing: HeapTest.TwoElementPush_LowPriFirst
33/50 Test: HeapTest.TwoElementPush_LowPriFirst
Command: "/usr/bin/valgrind" "--tool=memcheck" "--leak-check=yes" "--trace-children=no" "--error-exitcode=113" "/home/codio/workspace/hw3/hw3_tests/build/heap_tests/heap_tests" "--gtest_filter=HeapTest.TwoElementPush_LowPriFirst"
Directory: /home/codio/workspace/hw3/hw3_tests/build/heap_tests
"HeapTest.TwoElementPush_LowPriFirst" start time: Oct 11 11:09 UTC
Output:
----------------------------------------------------------
==1483== Memcheck, a memory error detector
==1483== Copyright (C) 2002-2017, and GNU GPL'd, by Julian Seward et al.
==1483== Using Valgrind-3.13.0 and LibVEX; rerun with -h for copyright info
==1483== Command: /home/codio/workspace/hw3/hw3_tests/build/heap_tests/heap_tests --gtest_filter=HeapTest.TwoElementPush_LowPriFirst
==1483== 
Running main() from /home/codio/googletest/googletest/src/gtest_main.cc
Note: Google Test filter = HeapTest.TwoElementPush_LowPriFirst
[==========] Running 1 test from 1 test suite.
[----------] Global test environment set-up.
[----------] 1 test from HeapTest
[ RUN      ] HeapTest.TwoElementPush_LowPriFirst
[       OK ] HeapTest.TwoElementPush_LowPriFirst (35 ms)
[----------] 1 test from HeapTest (45 ms total)

[----------] Global test environment tear-down
[==========] 1 test from 1 test suite ran. (104 ms total)
[  PASSED  ] 1 test.
==1483== 
==1483== HEAP SUMMARY:
==1483==     in use at exit: 0 bytes in 0 blocks
==1483==   total heap usage: 470 allocs, 470 frees, 135,886 bytes allocated
==1483== 
==1483== All heap blocks were freed -- no leaks are possible
==1483== 
==1483== For counts of detected and suppressed errors, rerun with: -v
==1483== ERROR SUMMARY: 0 errors from 0 contexts (suppressed: 0 from 0)
<end of output>
Test time =   1.66 sec
----------------------------------------------------------
Test Passed.
"HeapTest.TwoElementPush_LowPriFirst" end time: Oct 11 11:09 UTC
"HeapTest.TwoElementPush_LowPriFirst" time elapsed: 00:00:01
----------------------------------------------------------

34/50 Testing: HeapTest.TwoElementPush_HighPriFirst
34/50 Test: HeapTest.TwoElementPush_HighPriFirst
Command: "/usr/bin/valgrind" "--tool=memcheck" "--leak-check=yes" "--trace-children=no" "--error-exitcode=113" "/home/codio/workspace/hw3/hw3_tests/build/heap_tests/heap_tests" "--gtest_filter=HeapTest.TwoElementPush_HighPriFirst"
Directory: /home/codio/workspace/hw3/hw3_tests/build/heap_tests
"HeapTest.TwoElementPush_HighPriFirst" start time: Oct 11 11:09 UTC
Output:
----------------------------------------------------------
==1484== Memcheck, a memory error detector
==1484== Copyright (C) 2002-2017, and GNU GPL'd, by Julian Seward et al.
==1484== Using Valgrind-3.13.0 and LibVEX; rerun with -h for copyright info
==1484== Command: /home/codio/workspace/hw3/hw3_tests/build/heap_tests/heap_tests --gtest_filter=HeapTest.TwoElementPush_HighPriFirst
==1484== 
Running main() from /home/codio/googletest/googletest/src/gtest_main.cc
Note: Google Test filter = HeapTest.TwoElementPush_HighPriFirst
[==========] Running 1 test from 1 test suite.
[----------] Global test environment set-up.
[----------] 1 test from HeapTest
[ RUN      ] HeapTest.TwoElementPush_HighPriFirst
[       OK ] HeapTest.TwoElementPush_HighPriFirst (34 ms)
[----------] 1 test from HeapTest (44 ms total)

[----------] Global test environment tear-down
[==========] 1 test from 1 test suite ran. (101 ms total)
[  PASSED  ] 1 test.
==1484== 
==1484== HEAP SUMMARY:
==1484==     in use at exit: 0 bytes in 0 blocks
==1484==   total heap usage: 470 allocs, 470 frees, 135,899 bytes allocated
==1484== 
==1484== All heap blocks were freed -- no leaks are possible
==1484== 
==1484== For counts of detected and suppressed errors, rerun with: -v
==1484== ERROR SUMMARY: 0 errors from 0 contexts (suppressed: 0 from 0)
<end of output>
Test time =   1.63 sec
----------------------------------------------------------
Test Passed.
"HeapTest.TwoElementPush_HighPriFirst" end time: Oct 11 11:09 UTC
"HeapTest.TwoElementPush_HighPriFirst" time elapsed: 00:00:01
----------------------------------------------------------

35/50 Testing: HeapTest.Duplicates
35/50 Test: HeapTest.Duplicates
Command: "/usr/bin/valgrind" "--tool=memcheck" "--leak-check=yes" "--trace-children=no" "--error-exitcode=113" "/home/codio/workspace/hw3/hw3_tests/build/heap_tests/heap_tests" "--gtest_filter=HeapTest.Duplicates"
Directory: /home/codio/workspace/hw3/hw3_tests/build/heap_tests
"HeapTest.Duplicates" start time: Oct 11 11:09 UTC
Output:
----------------------------------------------------------
==1485== Memcheck, a memory error detector
==1485== Copyright (C) 2002-2017, and GNU GPL'd, by Julian Seward et al.
==1485== Using Valgrind-3.13.0 and LibVEX; rerun with -h for copyright info
==1485== Command: /home/codio/workspace/hw3/hw3_tests/build/heap_tests/heap_tests --gtest_filter=HeapTest.Duplicates
==1485== 
Running main() from /home/codio/googletest/googletest/src/gtest_main.cc
Note: Google Test filter = HeapTest.Duplicates
[==========] Running 1 test from 1 test suite.
[----------] Global test environment set-up.
[----------] 1 test from HeapTest
[ RUN      ] HeapTest.Duplicates
[       OK ] HeapTest.Duplicates (35 ms)
[----------] 1 test from HeapTest (45 ms total)

[----------] Global test environment tear-down
[==========] 1 test from 1 test suite ran. (99 ms total)
[  PASSED  ] 1 test.
==1485== 
==1485== HEAP SUMMARY:
==1485==     in use at exit: 0 bytes in 0 blocks
==1485==   total heap usage: 471 allocs, 471 frees, 135,727 bytes allocated
==1485== 
==1485== All heap blocks were freed -- no leaks are possible
==1485== 
==1485== For counts of detected and suppressed errors, rerun with: -v
==1485== ERROR SUMMARY: 0 errors from 0 contexts (suppressed: 0 from 0)
<end of output>
Test time =   1.60 sec
----------------------------------------------------------
Test Passed.
"HeapTest.Duplicates" end time: Oct 11 11:09 UTC
"HeapTest.Duplicates" time elapsed: 00:00:01
----------------------------------------------------------

36/50 Testing: HeapTest.NegativeElements
36/50 Test: HeapTest.NegativeElements
Command: "/usr/bin/valgrind" "--tool=memcheck" "--leak-check=yes" "--trace-children=no" "--error-exitcode=113" "/home/codio/workspace/hw3/hw3_tests/build/heap_tests/heap_tests" "--gtest_filter=HeapTest.NegativeElements"
Directory: /home/codio/workspace/hw3/hw3_tests/build/heap_tests
"HeapTest.NegativeElements" start time: Oct 11 11:09 UTC
Output:
----------------------------------------------------------
==1486== Memcheck, a memory error detector
==1486== Copyright (C) 2002-2017, and GNU GPL'd, by Julian Seward et al.
==1486== Using Valgrind-3.13.0 and LibVEX; rerun with -h for copyright info
==1486== Command: /home/codio/workspace/hw3/hw3_tests/build/heap_tests/heap_tests --gtest_filter=HeapTest.NegativeElements
==1486== 
Running main() from /home/codio/googletest/googletest/src/gtest_main.cc
Note: Google Test filter = HeapTest.NegativeElements
[==========] Running 1 test from 1 test suite.
[----------] Global test environment set-up.
[----------] 1 test from HeapTest
[ RUN      ] HeapTest.NegativeElements
[       OK ] HeapTest.NegativeElements (29 ms)
[----------] 1 test from HeapTest (39 ms total)

[----------] Global test environment tear-down
[==========] 1 test from 1 test suite ran. (93 ms total)
[  PASSED  ] 1 test.
==1486== 
==1486== HEAP SUMMARY:
==1486==     in use at exit: 0 bytes in 0 blocks
==1486==   total heap usage: 470 allocs, 470 frees, 135,771 bytes allocated
==1486== 
==1486== All heap blocks were freed -- no leaks are possible
==1486== 
==1486== For counts of detected and suppressed errors, rerun with: -v
==1486== ERROR SUMMARY: 0 errors from 0 contexts (suppressed: 0 from 0)
<end of output>
Test time =   1.59 sec
----------------------------------------------------------
Test Passed.
"HeapTest.NegativeElements" end time: Oct 11 11:09 UTC
"HeapTest.NegativeElements" time elapsed: 00:00:01
----------------------------------------------------------

37/50 Testing: HeapTest.ThreeElementPush_0_5_10
37/50 Test: HeapTest.ThreeElementPush_0_5_10
Command: "/usr/bin/valgrind" "--tool=memcheck" "--leak-check=yes" "--trace-children=no" "--error-exitcode=113" "/home/codio/workspace/hw3/hw3_tests/build/heap_tests/heap_tests" "--gtest_filter=HeapTest.ThreeElementPush_0_5_10"
Directory: /home/codio/workspace/hw3/hw3_tests/build/heap_tests
"HeapTest.ThreeElementPush_0_5_10" start time: Oct 11 11:09 UTC
Output:
----------------------------------------------------------
==1487== Memcheck, a memory error detector
==1487== Copyright (C) 2002-2017, and GNU GPL'd, by Julian Seward et al.
==1487== Using Valgrind-3.13.0 and LibVEX; rerun with -h for copyright info
==1487== Command: /home/codio/workspace/hw3/hw3_tests/build/heap_tests/heap_tests --gtest_filter=HeapTest.ThreeElementPush_0_5_10
==1487== 
Running main() from /home/codio/googletest/googletest/src/gtest_main.cc
Note: Google Test filter = HeapTest.ThreeElementPush_0_5_10
[==========] Running 1 test from 1 test suite.
[----------] Global test environment set-up.
[----------] 1 test from HeapTest
[ RUN      ] HeapTest.ThreeElementPush_0_5_10
[       OK ] HeapTest.ThreeElementPush_0_5_10 (39 ms)
[----------] 1 test from HeapTest (50 ms total)

[----------] Global test environment tear-down
[==========] 1 test from 1 test suite ran. (105 ms total)
[  PASSED  ] 1 test.
==1487== 
==1487== HEAP SUMMARY:
==1487==     in use at exit: 0 bytes in 0 blocks
==1487==   total heap usage: 471 allocs, 471 frees, 135,863 bytes allocated
==1487== 
==1487== All heap blocks were freed -- no leaks are possible
==1487== 
==1487== For counts of detected and suppressed errors, rerun with: -v
==1487== ERROR SUMMARY: 0 errors from 0 contexts (suppressed: 0 from 0)
<end of output>
Test time =   1.61 sec
----------------------------------------------------------
Test Passed.
"HeapTest.ThreeElementPush_0_5_10" end time: Oct 11 11:09 UTC
"HeapTest.ThreeElementPush_0_5_10" time elapsed: 00:00:01
----------------------------------------------------------

38/50 Testing: HeapTest.ThreeElementPush_0_10_5
38/50 Test: HeapTest.ThreeElementPush_0_10_5
Command: "/usr/bin/valgrind" "--tool=memcheck" "--leak-check=yes" "--trace-children=no" "--error-exitcode=113" "/home/codio/workspace/hw3/hw3_tests/build/heap_tests/heap_tests" "--gtest_filter=HeapTest.ThreeElementPush_0_10_5"
Directory: /home/codio/workspace/hw3/hw3_tests/build/heap_tests
"HeapTest.ThreeElementPush_0_10_5" start time: Oct 11 11:09 UTC
Output:
----------------------------------------------------------
==1488== Memcheck, a memory error detector
==1488== Copyright (C) 2002-2017, and GNU GPL'd, by Julian Seward et al.
==1488== Using Valgrind-3.13.0 and LibVEX; rerun with -h for copyright info
==1488== Command: /home/codio/workspace/hw3/hw3_tests/build/heap_tests/heap_tests --gtest_filter=HeapTest.ThreeElementPush_0_10_5
==1488== 
Running main() from /home/codio/googletest/googletest/src/gtest_main.cc
Note: Google Test filter = HeapTest.ThreeElementPush_0_10_5
[==========] Running 1 test from 1 test suite.
[----------] Global test environment set-up.
[----------] 1 test from HeapTest
[ RUN      ] HeapTest.ThreeElementPush_0_10_5
[       OK ] HeapTest.ThreeElementPush_0_10_5 (34 ms)
[----------] 1 test from HeapTest (44 ms total)

[----------] Global test environment tear-down
[==========] 1 test from 1 test suite ran. (97 ms total)
[  PASSED  ] 1 test.
==1488== 
==1488== HEAP SUMMARY:
==1488==     in use at exit: 0 bytes in 0 blocks
==1488==   total heap usage: 471 allocs, 471 frees, 135,863 bytes allocated
==1488== 
==1488== All heap blocks were freed -- no leaks are possible
==1488== 
==1488== For counts of detected and suppressed errors, rerun with: -v
==1488== ERROR SUMMARY: 0 errors from 0 contexts (suppressed: 0 from 0)
<end of output>
Test time =   1.59 sec
----------------------------------------------------------
Test Passed.
"HeapTest.ThreeElementPush_0_10_5" end time: Oct 11 11:09 UTC
"HeapTest.ThreeElementPush_0_10_5" time elapsed: 00:00:01
----------------------------------------------------------

39/50 Testing: HeapTest.ThreeElementPush_5_0_10
39/50 Test: HeapTest.ThreeElementPush_5_0_10
Command: "/usr/bin/valgrind" "--tool=memcheck" "--leak-check=yes" "--trace-children=no" "--error-exitcode=113" "/home/codio/workspace/hw3/hw3_tests/build/heap_tests/heap_tests" "--gtest_filter=HeapTest.ThreeElementPush_5_0_10"
Directory: /home/codio/workspace/hw3/hw3_tests/build/heap_tests
"HeapTest.ThreeElementPush_5_0_10" start time: Oct 11 11:09 UTC
Output:
----------------------------------------------------------
==1489== Memcheck, a memory error detector
==1489== Copyright (C) 2002-2017, and GNU GPL'd, by Julian Seward et al.
==1489== Using Valgrind-3.13.0 and LibVEX; rerun with -h for copyright info
==1489== Command: /home/codio/workspace/hw3/hw3_tests/build/heap_tests/heap_tests --gtest_filter=HeapTest.ThreeElementPush_5_0_10
==1489== 
Running main() from /home/codio/googletest/googletest/src/gtest_main.cc
Note: Google Test filter = HeapTest.ThreeElementPush_5_0_10
[==========] Running 1 test from 1 test suite.
[----------] Global test environment set-up.
[----------] 1 test from HeapTest
[ RUN      ] HeapTest.ThreeElementPush_5_0_10
[       OK ] HeapTest.ThreeElementPush_5_0_10 (36 ms)
[----------] 1 test from HeapTest (45 ms total)

[----------] Global test environment tear-down
[==========] 1 test from 1 test suite ran. (99 ms total)
[  PASSED  ] 1 test.
==1489== 
==1489== HEAP SUMMARY:
==1489==     in use at exit: 0 bytes in 0 blocks
==1489==   total heap usage: 471 allocs, 471 frees, 135,863 bytes allocated
==1489== 
==1489== All heap blocks were freed -- no leaks are possible
==1489== 
==1489== For counts of detected and suppressed errors, rerun with: -v
==1489== ERROR SUMMARY: 0 errors from 0 contexts (suppressed: 0 from 0)
<end of output>
Test time =   1.60 sec
----------------------------------------------------------
Test Passed.
"HeapTest.ThreeElementPush_5_0_10" end time: Oct 11 11:09 UTC
"HeapTest.ThreeElementPush_5_0_10" time elapsed: 00:00:01
----------------------------------------------------------

40/50 Testing: HeapTest.ThreeElementPush_5_10_0
40/50 Test: HeapTest.ThreeElementPush_5_10_0
Command: "/usr/bin/valgrind" "--tool=memcheck" "--leak-check=yes" "--trace-children=no" "--error-exitcode=113" "/home/codio/workspace/hw3/hw3_tests/build/heap_tests/heap_tests" "--gtest_filter=HeapTest.ThreeElementPush_5_10_0"
Directory: /home/codio/workspace/hw3/hw3_tests/build/heap_tests
"HeapTest.ThreeElementPush_5_10_0" start time: Oct 11 11:09 UTC
Output:
----------------------------------------------------------
==1490== Memcheck, a memory error detector
==1490== Copyright (C) 2002-2017, and GNU GPL'd, by Julian Seward et al.
==1490== Using Valgrind-3.13.0 and LibVEX; rerun with -h for copyright info
==1490== Command: /home/codio/workspace/hw3/hw3_tests/build/heap_tests/heap_tests --gtest_filter=HeapTest.ThreeElementPush_5_10_0
==1490== 
Running main() from /home/codio/googletest/googletest/src/gtest_main.cc
Note: Google Test filter = HeapTest.ThreeElementPush_5_10_0
[==========] Running 1 test from 1 test suite.
[----------] Global test environment set-up.
[----------] 1 test from HeapTest
[ RUN      ] HeapTest.ThreeElementPush_5_10_0
[       OK ] HeapTest.ThreeElementPush_5_10_0 (35 ms)
[----------] 1 test from HeapTest (45 ms total)

[----------] Global test environment tear-down
[==========] 1 test from 1 test suite ran. (99 ms total)
[  PASSED  ] 1 test.
==1490== 
==1490== HEAP SUMMARY:
==1490==     in use at exit: 0 bytes in 0 blocks
==1490==   total heap usage: 471 allocs, 471 frees, 135,863 bytes allocated
==1490== 
==1490== All heap blocks were freed -- no leaks are possible
==1490== 
==1490== For counts of detected and suppressed errors, rerun with: -v
==1490== ERROR SUMMARY: 0 errors from 0 contexts (suppressed: 0 from 0)
<end of output>
Test time =   1.60 sec
----------------------------------------------------------
Test Passed.
"HeapTest.ThreeElementPush_5_10_0" end time: Oct 11 11:09 UTC
"HeapTest.ThreeElementPush_5_10_0" time elapsed: 00:00:01
----------------------------------------------------------

41/50 Testing: HeapTest.ThreeElementPush_10_0_5
41/50 Test: HeapTest.ThreeElementPush_10_0_5
Command: "/usr/bin/valgrind" "--tool=memcheck" "--leak-check=yes" "--trace-children=no" "--error-exitcode=113" "/home/codio/workspace/hw3/hw3_tests/build/heap_tests/heap_tests" "--gtest_filter=HeapTest.ThreeElementPush_10_0_5"
Directory: /home/codio/workspace/hw3/hw3_tests/build/heap_tests
"HeapTest.ThreeElementPush_10_0_5" start time: Oct 11 11:09 UTC
Output:
----------------------------------------------------------
==1491== Memcheck, a memory error detector
==1491== Copyright (C) 2002-2017, and GNU GPL'd, by Julian Seward et al.
==1491== Using Valgrind-3.13.0 and LibVEX; rerun with -h for copyright info
==1491== Command: /home/codio/workspace/hw3/hw3_tests/build/heap_tests/heap_tests --gtest_filter=HeapTest.ThreeElementPush_10_0_5
==1491== 
Running main() from /home/codio/googletest/googletest/src/gtest_main.cc
Note: Google Test filter = HeapTest.ThreeElementPush_10_0_5
[==========] Running 1 test from 1 test suite.
[----------] Global test environment set-up.
[----------] 1 test from HeapTest
[ RUN      ] HeapTest.ThreeElementPush_10_0_5
[       OK ] HeapTest.ThreeElementPush_10_0_5 (35 ms)
[----------] 1 test from HeapTest (45 ms total)

[----------] Global test environment tear-down
[==========] 1 test from 1 test suite ran. (99 ms total)
[  PASSED  ] 1 test.
==1491== 
==1491== HEAP SUMMARY:
==1491==     in use at exit: 0 bytes in 0 blocks
==1491==   total heap usage: 471 allocs, 471 frees, 135,863 bytes allocated
==1491== 
==1491== All heap blocks were freed -- no leaks are possible
==1491== 
==1491== For counts of detected and suppressed errors, rerun with: -v
==1491== ERROR SUMMARY: 0 errors from 0 contexts (suppressed: 0 from 0)
<end of output>
Test time =   1.59 sec
----------------------------------------------------------
Test Passed.
"HeapTest.ThreeElementPush_10_0_5" end time: Oct 11 11:09 UTC
"HeapTest.ThreeElementPush_10_0_5" time elapsed: 00:00:01
----------------------------------------------------------

42/50 Testing: HeapTest.ThreeElementPush_10_5_0
42/50 Test: HeapTest.ThreeElementPush_10_5_0
Command: "/usr/bin/valgrind" "--tool=memcheck" "--leak-check=yes" "--trace-children=no" "--error-exitcode=113" "/home/codio/workspace/hw3/hw3_tests/build/heap_tests/heap_tests" "--gtest_filter=HeapTest.ThreeElementPush_10_5_0"
Directory: /home/codio/workspace/hw3/hw3_tests/build/heap_tests
"HeapTest.ThreeElementPush_10_5_0" start time: Oct 11 11:09 UTC
Output:
----------------------------------------------------------
==1492== Memcheck, a memory error detector
==1492== Copyright (C) 2002-2017, and GNU GPL'd, by Julian Seward et al.
==1492== Using Valgrind-3.13.0 and LibVEX; rerun with -h for copyright info
==1492== Command: /home/codio/workspace/hw3/hw3_tests/build/heap_tests/heap_tests --gtest_filter=HeapTest.ThreeElementPush_10_5_0
==1492== 
Running main() from /home/codio/googletest/googletest/src/gtest_main.cc
Note: Google Test filter = HeapTest.ThreeElementPush_10_5_0
[==========] Running 1 test from 1 test suite.
[----------] Global test environment set-up.
[----------] 1 test from HeapTest
[ RUN      ] HeapTest.ThreeElementPush_10_5_0
[       OK ] HeapTest.ThreeElementPush_10_5_0 (35 ms)
[----------] 1 test from HeapTest (45 ms total)

[----------] Global test environment tear-down
[==========] 1 test from 1 test suite ran. (98 ms total)
[  PASSED  ] 1 test.
==1492== 
==1492== HEAP SUMMARY:
==1492==     in use at exit: 0 bytes in 0 blocks
==1492==   total heap usage: 471 allocs, 471 frees, 135,863 bytes allocated
==1492== 
==1492== All heap blocks were freed -- no leaks are possible
==1492== 
==1492== For counts of detected and suppressed errors, rerun with: -v
==1492== ERROR SUMMARY: 0 errors from 0 contexts (suppressed: 0 from 0)
<end of output>
Test time =   1.62 sec
----------------------------------------------------------
Test Passed.
"HeapTest.ThreeElementPush_10_5_0" end time: Oct 11 11:09 UTC
"HeapTest.ThreeElementPush_10_5_0" time elapsed: 00:00:01
----------------------------------------------------------

43/50 Testing: HeapTest.GreaterComparator
43/50 Test: HeapTest.GreaterComparator
Command: "/usr/bin/valgrind" "--tool=memcheck" "--leak-check=yes" "--trace-children=no" "--error-exitcode=113" "/home/codio/workspace/hw3/hw3_tests/build/heap_tests/heap_tests" "--gtest_filter=HeapTest.GreaterComparator"
Directory: /home/codio/workspace/hw3/hw3_tests/build/heap_tests
"HeapTest.GreaterComparator" start time: Oct 11 11:09 UTC
Output:
----------------------------------------------------------
==1493== Memcheck, a memory error detector
==1493== Copyright (C) 2002-2017, and GNU GPL'd, by Julian Seward et al.
==1493== Using Valgrind-3.13.0 and LibVEX; rerun with -h for copyright info
==1493== Command: /home/codio/workspace/hw3/hw3_tests/build/heap_tests/heap_tests --gtest_filter=HeapTest.GreaterComparator
==1493== 
Running main() from /home/codio/googletest/googletest/src/gtest_main.cc
Note: Google Test filter = HeapTest.GreaterComparator
[==========] Running 1 test from 1 test suite.
[----------] Global test environment set-up.
[----------] 1 test from HeapTest
[ RUN      ] HeapTest.GreaterComparator
[       OK ] HeapTest.GreaterComparator (36 ms)
[----------] 1 test from HeapTest (45 ms total)

[----------] Global test environment tear-down
[==========] 1 test from 1 test suite ran. (99 ms total)
[  PASSED  ] 1 test.
==1493== 
==1493== HEAP SUMMARY:
==1493==     in use at exit: 0 bytes in 0 blocks
==1493==   total heap usage: 471 allocs, 471 frees, 135,797 bytes allocated
==1493== 
==1493== All heap blocks were freed -- no leaks are possible
==1493== 
==1493== For counts of detected and suppressed errors, rerun with: -v
==1493== ERROR SUMMARY: 0 errors from 0 contexts (suppressed: 0 from 0)
<end of output>
Test time =   1.59 sec
----------------------------------------------------------
Test Passed.
"HeapTest.GreaterComparator" end time: Oct 11 11:09 UTC
"HeapTest.GreaterComparator" time elapsed: 00:00:01
----------------------------------------------------------

44/50 Testing: HeapTest.StringStorage
44/50 Test: HeapTest.StringStorage
Command: "/usr/bin/valgrind" "--tool=memcheck" "--leak-check=yes" "--trace-children=no" "--error-exitcode=113" "/home/codio/workspace/hw3/hw3_tests/build/heap_tests/heap_tests" "--gtest_filter=HeapTest.StringStorage"
Directory: /home/codio/workspace/hw3/hw3_tests/build/heap_tests
"HeapTest.StringStorage" start time: Oct 11 11:09 UTC
Output:
----------------------------------------------------------
==1494== Memcheck, a memory error detector
==1494== Copyright (C) 2002-2017, and GNU GPL'd, by Julian Seward et al.
==1494== Using Valgrind-3.13.0 and LibVEX; rerun with -h for copyright info
==1494== Command: /home/codio/workspace/hw3/hw3_tests/build/heap_tests/heap_tests --gtest_filter=HeapTest.StringStorage
==1494== 
Running main() from /home/codio/googletest/googletest/src/gtest_main.cc
Note: Google Test filter = HeapTest.StringStorage
[==========] Running 1 test from 1 test suite.
[----------] Global test environment set-up.
[----------] 1 test from HeapTest
[ RUN      ] HeapTest.StringStorage
[       OK ] HeapTest.StringStorage (36 ms)
[----------] 1 test from HeapTest (47 ms total)

[----------] Global test environment tear-down
[==========] 1 test from 1 test suite ran. (104 ms total)
[  PASSED  ] 1 test.
==1494== 
==1494== HEAP SUMMARY:
==1494==     in use at exit: 0 bytes in 0 blocks
==1494==   total heap usage: 471 allocs, 471 frees, 135,953 bytes allocated
==1494== 
==1494== All heap blocks were freed -- no leaks are possible
==1494== 
==1494== For counts of detected and suppressed errors, rerun with: -v
==1494== ERROR SUMMARY: 0 errors from 0 contexts (suppressed: 0 from 0)
<end of output>
Test time =   1.60 sec
----------------------------------------------------------
Test Passed.
"HeapTest.StringStorage" end time: Oct 11 11:09 UTC
"HeapTest.StringStorage" time elapsed: 00:00:01
----------------------------------------------------------

45/50 Testing: HeapTest.FiveElementPush_TrinaryHeap
45/50 Test: HeapTest.FiveElementPush_TrinaryHeap
Command: "/usr/bin/valgrind" "--tool=memcheck" "--leak-check=yes" "--trace-children=no" "--error-exitcode=113" "/home/codio/workspace/hw3/hw3_tests/build/heap_tests/heap_tests" "--gtest_filter=HeapTest.FiveElementPush_TrinaryHeap"
Directory: /home/codio/workspace/hw3/hw3_tests/build/heap_tests
"HeapTest.FiveElementPush_TrinaryHeap" start time: Oct 11 11:09 UTC
Output:
----------------------------------------------------------
==1495== Memcheck, a memory error detector
==1495== Copyright (C) 2002-2017, and GNU GPL'd, by Julian Seward et al.
==1495== Using Valgrind-3.13.0 and LibVEX; rerun with -h for copyright info
==1495== Command: /home/codio/workspace/hw3/hw3_tests/build/heap_tests/heap_tests --gtest_filter=HeapTest.FiveElementPush_TrinaryHeap
==1495== 
Running main() from /home/codio/googletest/googletest/src/gtest_main.cc
Note: Google Test filter = HeapTest.FiveElementPush_TrinaryHeap
[==========] Running 1 test from 1 test suite.
[----------] Global test environment set-up.
[----------] 1 test from HeapTest
[ RUN      ] HeapTest.FiveElementPush_TrinaryHeap
[       OK ] HeapTest.FiveElementPush_TrinaryHeap (37 ms)
[----------] 1 test from HeapTest (47 ms total)

[----------] Global test environment tear-down
[==========] 1 test from 1 test suite ran. (100 ms total)
[  PASSED  ] 1 test.
==1495== 
==1495== HEAP SUMMARY:
==1495==     in use at exit: 0 bytes in 0 blocks
==1495==   total heap usage: 472 allocs, 472 frees, 135,947 bytes allocated
==1495== 
==1495== All heap blocks were freed -- no leaks are possible
==1495== 
==1495== For counts of detected and suppressed errors, rerun with: -v
==1495== ERROR SUMMARY: 0 errors from 0 contexts (suppressed: 0 from 0)
<end of output>
Test time =   1.61 sec
----------------------------------------------------------
Test Passed.
"HeapTest.FiveElementPush_TrinaryHeap" end time: Oct 11 11:09 UTC
"HeapTest.FiveElementPush_TrinaryHeap" time elapsed: 00:00:01
----------------------------------------------------------

46/50 Testing: HeapTest.SixElementPush_QuaternaryHeap
46/50 Test: HeapTest.SixElementPush_QuaternaryHeap
Command: "/usr/bin/valgrind" "--tool=memcheck" "--leak-check=yes" "--trace-children=no" "--error-exitcode=113" "/home/codio/workspace/hw3/hw3_tests/build/heap_tests/heap_tests" "--gtest_filter=HeapTest.SixElementPush_QuaternaryHeap"
Directory: /home/codio/workspace/hw3/hw3_tests/build/heap_tests
"HeapTest.SixElementPush_QuaternaryHeap" start time: Oct 11 11:09 UTC
Output:
----------------------------------------------------------
==1496== Memcheck, a memory error detector
==1496== Copyright (C) 2002-2017, and GNU GPL'd, by Julian Seward et al.
==1496== Using Valgrind-3.13.0 and LibVEX; rerun with -h for copyright info
==1496== Command: /home/codio/workspace/hw3/hw3_tests/build/heap_tests/heap_tests --gtest_filter=HeapTest.SixElementPush_QuaternaryHeap
==1496== 
Running main() from /home/codio/googletest/googletest/src/gtest_main.cc
Note: Google Test filter = HeapTest.SixElementPush_QuaternaryHeap
[==========] Running 1 test from 1 test suite.
[----------] Global test environment set-up.
[----------] 1 test from HeapTest
[ RUN      ] HeapTest.SixElementPush_QuaternaryHeap
[       OK ] HeapTest.SixElementPush_QuaternaryHeap (38 ms)
[----------] 1 test from HeapTest (48 ms total)

[----------] Global test environment tear-down
[==========] 1 test from 1 test suite ran. (101 ms total)
[  PASSED  ] 1 test.
==1496== 
==1496== HEAP SUMMARY:
==1496==     in use at exit: 0 bytes in 0 blocks
==1496==   total heap usage: 472 allocs, 472 frees, 135,973 bytes allocated
==1496== 
==1496== All heap blocks were freed -- no leaks are possible
==1496== 
==1496== For counts of detected and suppressed errors, rerun with: -v
==1496== ERROR SUMMARY: 0 errors from 0 contexts (suppressed: 0 from 0)
<end of output>
Test time =   1.59 sec
----------------------------------------------------------
Test Passed.
"HeapTest.SixElementPush_QuaternaryHeap" end time: Oct 11 11:09 UTC
"HeapTest.SixElementPush_QuaternaryHeap" time elapsed: 00:00:01
----------------------------------------------------------

47/50 Testing: HeapStress.50x50RandomElements_BinaryHeap
47/50 Test: HeapStress.50x50RandomElements_BinaryHeap
Command: "/usr/bin/valgrind" "--tool=memcheck" "--leak-check=yes" "--trace-children=no" "--error-exitcode=113" "/home/codio/workspace/hw3/hw3_tests/build/heap_tests/heap_tests" "--gtest_filter=HeapStress.50x50RandomElements_BinaryHeap"
Directory: /home/codio/workspace/hw3/hw3_tests/build/heap_tests
"HeapStress.50x50RandomElements_BinaryHeap" start time: Oct 11 11:09 UTC
Output:
----------------------------------------------------------
==1497== Memcheck, a memory error detector
==1497== Copyright (C) 2002-2017, and GNU GPL'd, by Julian Seward et al.
==1497== Using Valgrind-3.13.0 and LibVEX; rerun with -h for copyright info
==1497== Command: /home/codio/workspace/hw3/hw3_tests/build/heap_tests/heap_tests --gtest_filter=HeapStress.50x50RandomElements_BinaryHeap
==1497== 
Running main() from /home/codio/googletest/googletest/src/gtest_main.cc
Note: Google Test filter = HeapStress.50x50RandomElements_BinaryHeap
[==========] Running 1 test from 1 test suite.
[----------] Global test environment set-up.
[----------] 1 test from HeapStress
[ RUN      ] HeapStress.50x50RandomElements_BinaryHeap
[       OK ] HeapStress.50x50RandomElements_BinaryHeap (205 ms)
[----------] 1 test from HeapStress (214 ms total)

[----------] Global test environment tear-down
[==========] 1 test from 1 test suite ran. (268 ms total)
[  PASSED  ] 1 test.
==1497== 
==1497== HEAP SUMMARY:
==1497==     in use at exit: 0 bytes in 0 blocks
==1497==   total heap usage: 969 allocs, 969 frees, 183,544 bytes allocated
==1497== 
==1497== All heap blocks were freed -- no leaks are possible
==1497== 
==1497== For counts of detected and suppressed errors, rerun with: -v
==1497== ERROR SUMMARY: 0 errors from 0 contexts (suppressed: 0 from 0)
<end of output>
Test time =   1.77 sec
----------------------------------------------------------
Test Passed.
"HeapStress.50x50RandomElements_BinaryHeap" end time: Oct 11 11:09 UTC
"HeapStress.50x50RandomElements_BinaryHeap" time elapsed: 00:00:01
----------------------------------------------------------

48/50 Testing: HeapStress.50x50RandomElements_QuaternaryHeap
48/50 Test: HeapStress.50x50RandomElements_QuaternaryHeap
Command: "/usr/bin/valgrind" "--tool=memcheck" "--leak-check=yes" "--trace-children=no" "--error-exitcode=113" "/home/codio/workspace/hw3/hw3_tests/build/heap_tests/heap_tests" "--gtest_filter=HeapStress.50x50RandomElements_QuaternaryHeap"
Directory: /home/codio/workspace/hw3/hw3_tests/build/heap_tests
"HeapStress.50x50RandomElements_QuaternaryHeap" start time: Oct 11 11:09 UTC
Output:
----------------------------------------------------------
==1498== Memcheck, a memory error detector
==1498== Copyright (C) 2002-2017, and GNU GPL'd, by Julian Seward et al.
==1498== Using Valgrind-3.13.0 and LibVEX; rerun with -h for copyright info
==1498== Command: /home/codio/workspace/hw3/hw3_tests/build/heap_tests/heap_tests --gtest_filter=HeapStress.50x50RandomElements_QuaternaryHeap
==1498== 
Running main() from /home/codio/googletest/googletest/src/gtest_main.cc
Note: Google Test filter = HeapStress.50x50RandomElements_QuaternaryHeap
[==========] Running 1 test from 1 test suite.
[----------] Global test environment set-up.
[----------] 1 test from HeapStress
[ RUN      ] HeapStress.50x50RandomElements_QuaternaryHeap
[       OK ] HeapStress.50x50RandomElements_QuaternaryHeap (204 ms)
[----------] 1 test from HeapStress (213 ms total)

[----------] Global test environment tear-down
[==========] 1 test from 1 test suite ran. (266 ms total)
[  PASSED  ] 1 test.
==1498== 
==1498== HEAP SUMMARY:
==1498==     in use at exit: 0 bytes in 0 blocks
==1498==   total heap usage: 969 allocs, 969 frees, 183,596 bytes allocated
==1498== 
==1498== All heap blocks were freed -- no leaks are possible
==1498== 
==1498== For counts of detected and suppressed errors, rerun with: -v
==1498== ERROR SUMMARY: 0 errors from 0 contexts (suppressed: 0 from 0)
<end of output>
Test time =   1.76 sec
----------------------------------------------------------
Test Passed.
"HeapStress.50x50RandomElements_QuaternaryHeap" end time: Oct 11 11:09 UTC
"HeapStress.50x50RandomElements_QuaternaryHeap" time elapsed: 00:00:01
----------------------------------------------------------

49/50 Testing: HeapStress.50x50RandomElements_DodecenaryHeap
49/50 Test: HeapStress.50x50RandomElements_DodecenaryHeap
Command: "/usr/bin/valgrind" "--tool=memcheck" "--leak-check=yes" "--trace-children=no" "--error-exitcode=113" "/home/codio/workspace/hw3/hw3_tests/build/heap_tests/heap_tests" "--gtest_filter=HeapStress.50x50RandomElements_DodecenaryHeap"
Directory: /home/codio/workspace/hw3/hw3_tests/build/heap_tests
"HeapStress.50x50RandomElements_DodecenaryHeap" start time: Oct 11 11:09 UTC
Output:
----------------------------------------------------------
==1499== Memcheck, a memory error detector
==1499== Copyright (C) 2002-2017, and GNU GPL'd, by Julian Seward et al.
==1499== Using Valgrind-3.13.0 and LibVEX; rerun with -h for copyright info
==1499== Command: /home/codio/workspace/hw3/hw3_tests/build/heap_tests/heap_tests --gtest_filter=HeapStress.50x50RandomElements_DodecenaryHeap
==1499== 
Running main() from /home/codio/googletest/googletest/src/gtest_main.cc
Note: Google Test filter = HeapStress.50x50RandomElements_DodecenaryHeap
[==========] Running 1 test from 1 test suite.
[----------] Global test environment set-up.
[----------] 1 test from HeapStress
[ RUN      ] HeapStress.50x50RandomElements_DodecenaryHeap
[       OK ] HeapStress.50x50RandomElements_DodecenaryHeap (209 ms)
[----------] 1 test from HeapStress (219 ms total)

[----------] Global test environment tear-down
[==========] 1 test from 1 test suite ran. (272 ms total)
[  PASSED  ] 1 test.
==1499== 
==1499== HEAP SUMMARY:
==1499==     in use at exit: 0 bytes in 0 blocks
==1499==   total heap usage: 969 allocs, 969 frees, 183,596 bytes allocated
==1499== 
==1499== All heap blocks were freed -- no leaks are possible
==1499== 
==1499== For counts of detected and suppressed errors, rerun with: -v
==1499== ERROR SUMMARY: 0 errors from 0 contexts (suppressed: 0 from 0)
<end of output>
Test time =   1.76 sec
----------------------------------------------------------
Test Passed.
"HeapStress.50x50RandomElements_DodecenaryHeap" end time: Oct 11 11:09 UTC
"HeapStress.50x50RandomElements_DodecenaryHeap" time elapsed: 00:00:01
----------------------------------------------------------

50/50 Testing: HeapStress.2x2000RandomElements_Binary
50/50 Test: HeapStress.2x2000RandomElements_Binary
Command: "/usr/bin/valgrind" "--tool=memcheck" "--leak-check=yes" "--trace-children=no" "--error-exitcode=113" "/home/codio/workspace/hw3/hw3_tests/build/heap_tests/heap_tests" "--gtest_filter=HeapStress.2x2000RandomElements_Binary"
Directory: /home/codio/workspace/hw3/hw3_tests/build/heap_tests
"HeapStress.2x2000RandomElements_Binary" start time: Oct 11 11:09 UTC
Output:
----------------------------------------------------------
==1500== Memcheck, a memory error detector
==1500== Copyright (C) 2002-2017, and GNU GPL'd, by Julian Seward et al.
==1500== Using Valgrind-3.13.0 and LibVEX; rerun with -h for copyright info
==1500== Command: /home/codio/workspace/hw3/hw3_tests/build/heap_tests/heap_tests --gtest_filter=HeapStress.2x2000RandomElements_Binary
==1500== 
Running main() from /home/codio/googletest/googletest/src/gtest_main.cc
Note: Google Test filter = HeapStress.2x2000RandomElements_Binary
[==========] Running 1 test from 1 test suite.
[----------] Global test environment set-up.
[----------] 1 test from HeapStress
[ RUN      ] HeapStress.2x2000RandomElements_Binary
[       OK ] HeapStress.2x2000RandomElements_Binary (236 ms)
[----------] 1 test from HeapStress (246 ms total)

[----------] Global test environment tear-down
[==========] 1 test from 1 test suite ran. (299 ms total)
[  PASSED  ] 1 test.
==1500== 
==1500== HEAP SUMMARY:
==1500==     in use at exit: 0 bytes in 0 blocks
==1500==   total heap usage: 499 allocs, 499 frees, 200,753 bytes allocated
==1500== 
==1500== All heap blocks were freed -- no leaks are possible
==1500== 
==1500== For counts of detected and suppressed errors, rerun with: -v
==1500== ERROR SUMMARY: 0 errors from 0 contexts (suppressed: 0 from 0)
<end of output>
Test time =   1.79 sec
----------------------------------------------------------
Test Passed.
"HeapStress.2x2000RandomElements_Binary" end time: Oct 11 11:09 UTC
"HeapStress.2x2000RandomElements_Binary" time elapsed: 00:00:01
----------------------------------------------------------

End testing: Oct 11 11:09 UTC
